<?xml version="1.0" encoding="UTF-8"?>
<coverage generated="1782021725558" clover="3.2.0">
  <project timestamp="1782021725558" name="All files">
    <metrics statements="877" coveredstatements="824" conditionals="343" coveredconditionals="257" methods="188" coveredmethods="168" elements="1408" coveredelements="1249" complexity="0" loc="877" ncloc="877" packages="13" files="43" classes="43"/>
    <package name="cli.commands">
      <metrics statements="153" coveredstatements="143" conditionals="84" coveredconditionals="60" methods="21" coveredmethods="15"/>
      <file name="feedback.ts" path="/Users/go/work/github/loop-e2e/src/cli/commands/feedback.ts">
        <metrics statements="33" coveredstatements="31" conditionals="21" coveredconditionals="14" methods="4" coveredmethods="4"/>
        <line num="33" count="2" type="stmt"/>
        <line num="34" count="2" type="stmt"/>
        <line num="35" count="2" type="stmt"/>
        <line num="36" count="2" type="stmt"/>
        <line num="38" count="0" type="stmt"/>
        <line num="58" count="12" type="stmt"/>
        <line num="59" count="12" type="cond" truecount="1" falsecount="0"/>
        <line num="62" count="12" type="stmt"/>
        <line num="63" count="12" type="stmt"/>
        <line num="64" count="12" type="cond" truecount="1" falsecount="1"/>
        <line num="68" count="12" type="stmt"/>
        <line num="71" count="12" type="cond" truecount="1" falsecount="1"/>
        <line num="83" count="12" type="stmt"/>
        <line num="91" count="12" type="stmt"/>
        <line num="94" count="12" type="cond" truecount="2" falsecount="0"/>
        <line num="96" count="8" type="cond" truecount="1" falsecount="1"/>
        <line num="99" count="8" type="stmt"/>
        <line num="100" count="8" type="stmt"/>
        <line num="103" count="8" type="cond" truecount="2" falsecount="0"/>
        <line num="104" count="5" type="stmt"/>
        <line num="105" count="5" type="stmt"/>
        <line num="106" count="5" type="cond" truecount="1" falsecount="1"/>
        <line num="107" count="5" type="stmt"/>
        <line num="118" count="5" type="stmt"/>
        <line num="119" count="5" type="stmt"/>
        <line num="120" count="5" type="stmt"/>
        <line num="122" count="0" type="stmt"/>
        <line num="126" count="4" type="stmt"/>
        <line num="130" count="12" type="stmt"/>
        <line num="138" count="12" type="stmt"/>
        <line num="139" count="12" type="stmt"/>
        <line num="146" count="12" type="cond" truecount="1" falsecount="1"/>
        <line num="147" count="12" type="cond" truecount="1" falsecount="1"/>
      </file>
      <file name="init.ts" path="/Users/go/work/github/loop-e2e/src/cli/commands/init.ts">
        <metrics statements="51" coveredstatements="49" conditionals="24" coveredconditionals="17" methods="6" coveredmethods="6"/>
        <line num="26" count="14" type="stmt"/>
        <line num="28" count="14" type="stmt"/>
        <line num="29" count="14" type="cond" truecount="1" falsecount="1"/>
        <line num="30" count="14" type="stmt"/>
        <line num="34" count="14" type="stmt"/>
        <line num="35" count="14" type="cond" truecount="3" falsecount="1"/>
        <line num="36" count="14" type="stmt"/>
        <line num="38" count="14" type="cond" truecount="3" falsecount="1"/>
        <line num="39" count="14" type="stmt"/>
        <line num="43" count="70" type="stmt"/>
        <line num="48" count="14" type="stmt"/>
        <line num="49" count="14" type="cond" truecount="2" falsecount="0"/>
        <line num="50" count="1" type="stmt"/>
        <line num="52" count="14" type="stmt"/>
        <line num="57" count="3" type="stmt"/>
        <line num="58" count="6" type="stmt"/>
        <line num="59" count="3" type="cond" truecount="2" falsecount="0"/>
        <line num="60" count="2" type="stmt"/>
        <line num="62" count="1" type="cond" truecount="1" falsecount="1"/>
        <line num="63" count="3" type="stmt"/>
        <line num="67" count="14" type="stmt"/>
        <line num="68" count="14" type="stmt"/>
        <line num="70" count="14" type="stmt"/>
        <line num="73" count="14" type="stmt"/>
        <line num="74" count="14" type="stmt"/>
        <line num="77" count="14" type="stmt"/>
        <line num="78" count="14" type="stmt"/>
        <line num="79" count="14" type="stmt"/>
        <line num="82" count="14" type="stmt"/>
        <line num="83" count="14" type="stmt"/>
        <line num="85" count="14" type="stmt"/>
        <line num="86" count="56" type="stmt"/>
        <line num="88" count="14" type="stmt"/>
        <line num="91" count="14" type="stmt"/>
        <line num="92" count="14" type="stmt"/>
        <line num="94" count="14" type="stmt"/>
        <line num="95" count="14" type="stmt"/>
        <line num="96" count="3" type="stmt"/>
        <line num="99" count="11" type="stmt"/>
        <line num="101" count="14" type="stmt"/>
        <line num="102" count="14" type="stmt"/>
        <line num="105" count="14" type="cond" truecount="2" falsecount="0"/>
        <line num="106" count="14" type="cond" truecount="2" falsecount="0"/>
        <line num="107" count="2" type="cond" truecount="1" falsecount="1"/>
        <line num="108" count="2" type="stmt"/>
        <line num="111" count="12" type="stmt"/>
        <line num="112" count="24" type="stmt"/>
        <line num="113" count="24" type="stmt"/>
        <line num="121" count="14" type="stmt"/>
        <line num="123" count="0" type="cond" truecount="0" falsecount="2"/>
        <line num="124" count="0" type="stmt"/>
      </file>
      <file name="run.ts" path="/Users/go/work/github/loop-e2e/src/cli/commands/run.ts">
        <metrics statements="27" coveredstatements="25" conditionals="12" coveredconditionals="11" methods="5" coveredmethods="2"/>
        <line num="43" count="8" type="stmt"/>
        <line num="50" count="2" type="stmt"/>
        <line num="62" count="8" type="stmt"/>
        <line num="63" count="8" type="cond" truecount="1" falsecount="1"/>
        <line num="67" count="8" type="cond" truecount="2" falsecount="0"/>
        <line num="91" count="8" type="stmt"/>
        <line num="94" count="8" type="stmt"/>
        <line num="95" count="8" type="stmt"/>
        <line num="96" count="8" type="cond" truecount="2" falsecount="0"/>
        <line num="97" count="8" type="stmt"/>
        <line num="98" count="8" type="stmt"/>
        <line num="99" count="7" type="stmt"/>
        <line num="100" count="7" type="stmt"/>
        <line num="102" count="7" type="cond" truecount="4" falsecount="0"/>
        <line num="104" count="1" type="stmt"/>
        <line num="108" count="8" type="stmt"/>
        <line num="109" count="8" type="stmt"/>
        <line num="110" count="8" type="stmt"/>
        <line num="117" count="1" type="stmt"/>
        <line num="121" count="8" type="stmt"/>
        <line num="122" count="8" type="stmt"/>
        <line num="123" count="8" type="stmt"/>
        <line num="132" count="1" type="stmt"/>
        <line num="136" count="8" type="stmt"/>
        <line num="137" count="8" type="stmt"/>
        <line num="143" count="0" type="stmt"/>
        <line num="159" count="0" type="stmt"/>
      </file>
      <file name="scenario.ts" path="/Users/go/work/github/loop-e2e/src/cli/commands/scenario.ts">
        <metrics statements="42" coveredstatements="38" conditionals="27" coveredconditionals="18" methods="6" coveredmethods="3"/>
        <line num="45" count="6" type="stmt"/>
        <line num="48" count="6" type="cond" truecount="1" falsecount="1"/>
        <line num="50" count="6" type="cond" truecount="1" falsecount="1"/>
        <line num="51" count="6" type="cond" truecount="1" falsecount="1"/>
        <line num="52" count="6" type="cond" truecount="1" falsecount="1"/>
        <line num="54" count="6" type="stmt"/>
        <line num="64" count="6" type="stmt"/>
        <line num="65" count="6" type="stmt"/>
        <line num="67" count="6" type="stmt"/>
        <line num="68" count="6" type="stmt"/>
        <line num="70" count="6" type="stmt"/>
        <line num="71" count="11" type="stmt"/>
        <line num="72" count="11" type="cond" truecount="2" falsecount="0"/>
        <line num="73" count="3" type="stmt"/>
        <line num="74" count="3" type="cond" truecount="2" falsecount="0"/>
        <line num="75" count="1" type="stmt"/>
        <line num="76" count="1" type="stmt"/>
        <line num="78" count="2" type="stmt"/>
        <line num="79" count="2" type="stmt"/>
        <line num="80" count="2" type="cond" truecount="2" falsecount="0"/>
        <line num="81" count="1" type="stmt"/>
        <line num="82" count="1" type="stmt"/>
        <line num="85" count="9" type="stmt"/>
        <line num="86" count="9" type="stmt"/>
        <line num="89" count="6" type="stmt"/>
        <line num="94" count="2" type="stmt"/>
        <line num="95" count="2" type="stmt"/>
        <line num="96" count="2" type="stmt"/>
        <line num="97" count="2" type="stmt"/>
        <line num="98" count="2" type="stmt"/>
        <line num="99" count="2" type="stmt"/>
        <line num="100" count="2" type="stmt"/>
        <line num="101" count="52" type="cond" truecount="1" falsecount="1"/>
        <line num="102" count="52" type="cond" truecount="1" falsecount="1"/>
        <line num="103" count="52" type="cond" truecount="2" falsecount="0"/>
        <line num="104" count="2" type="cond" truecount="1" falsecount="1"/>
        <line num="105" count="2" type="cond" truecount="1" falsecount="1"/>
        <line num="108" count="2" type="cond" truecount="1" falsecount="1"/>
        <line num="112" count="0" type="stmt"/>
        <line num="113" count="0" type="stmt"/>
        <line num="114" count="0" type="stmt"/>
        <line num="115" count="0" type="stmt"/>
      </file>
    </package>
    <package name="config">
      <metrics statements="37" coveredstatements="36" conditionals="12" coveredconditionals="11" methods="3" coveredmethods="3"/>
      <file name="load.ts" path="/Users/go/work/github/loop-e2e/src/config/load.ts">
        <metrics statements="27" coveredstatements="26" conditionals="12" coveredconditionals="11" methods="2" coveredmethods="2"/>
        <line num="9" count="12" type="stmt"/>
        <line num="11" count="12" type="stmt"/>
        <line num="12" count="12" type="stmt"/>
        <line num="15" count="12" type="stmt"/>
        <line num="18" count="12" type="stmt"/>
        <line num="19" count="12" type="stmt"/>
        <line num="21" count="12" type="stmt"/>
        <line num="22" count="6" type="stmt"/>
        <line num="23" count="6" type="cond" truecount="2" falsecount="0"/>
        <line num="24" count="1" type="stmt"/>
        <line num="26" count="5" type="stmt"/>
        <line num="31" count="12" type="stmt"/>
        <line num="33" count="12" type="stmt"/>
        <line num="34" count="18" type="cond" truecount="2" falsecount="0"/>
        <line num="35" count="6" type="stmt"/>
        <line num="36" count="6" type="stmt"/>
        <line num="37" count="6" type="cond" truecount="1" falsecount="1"/>
        <line num="38" count="0" type="stmt"/>
        <line num="40" count="6" type="stmt"/>
        <line num="46" count="12" type="stmt"/>
        <line num="47" count="12" type="stmt"/>
        <line num="49" count="12" type="cond" truecount="2" falsecount="0"/>
        <line num="50" count="12" type="cond" truecount="2" falsecount="0"/>
        <line num="52" count="12" type="cond" truecount="2" falsecount="0"/>
        <line num="53" count="4" type="stmt"/>
        <line num="56" count="8" type="stmt"/>
        <line num="63" count="8" type="stmt"/>
      </file>
      <file name="save.ts" path="/Users/go/work/github/loop-e2e/src/config/save.ts">
        <metrics statements="1" coveredstatements="1" conditionals="0" coveredconditionals="0" methods="1" coveredmethods="1"/>
        <line num="6" count="20" type="stmt"/>
      </file>
      <file name="schema.ts" path="/Users/go/work/github/loop-e2e/src/config/schema.ts">
        <metrics statements="9" coveredstatements="9" conditionals="0" coveredconditionals="0" methods="0" coveredmethods="0"/>
        <line num="3" count="4" type="stmt"/>
        <line num="11" count="4" type="stmt"/>
        <line num="18" count="4" type="stmt"/>
        <line num="24" count="4" type="stmt"/>
        <line num="34" count="4" type="stmt"/>
        <line num="40" count="4" type="stmt"/>
        <line num="46" count="4" type="stmt"/>
        <line num="53" count="4" type="stmt"/>
        <line num="67" count="4" type="stmt"/>
      </file>
    </package>
    <package name="pipeline">
      <metrics statements="118" coveredstatements="110" conditionals="57" coveredconditionals="40" methods="19" coveredmethods="18"/>
      <file name="collect.ts" path="/Users/go/work/github/loop-e2e/src/pipeline/collect.ts">
        <metrics statements="20" coveredstatements="20" conditionals="14" coveredconditionals="9" methods="2" coveredmethods="2"/>
        <line num="65" count="6" type="stmt"/>
        <line num="66" count="6" type="cond" truecount="2" falsecount="0"/>
        <line num="68" count="6" type="cond" truecount="2" falsecount="0"/>
        <line num="71" count="6" type="stmt"/>
        <line num="77" count="6" type="stmt"/>
        <line num="78" count="6" type="stmt"/>
        <line num="80" count="6" type="stmt"/>
        <line num="87" count="6" type="stmt"/>
        <line num="88" count="6" type="stmt"/>
        <line num="108" count="6" type="cond" truecount="2" falsecount="0"/>
        <line num="111" count="6" type="stmt"/>
        <line num="114" count="6" type="stmt"/>
        <line num="115" count="6" type="stmt"/>
        <line num="119" count="6" type="stmt"/>
        <line num="126" count="6" type="stmt"/>
        <line num="127" count="6" type="stmt"/>
        <line num="129" count="6" type="cond" truecount="2" falsecount="0"/>
        <line num="130" count="5" type="stmt"/>
        <line num="131" count="5" type="stmt"/>
        <line num="134" count="6" type="stmt"/>
      </file>
      <file name="diff.ts" path="/Users/go/work/github/loop-e2e/src/pipeline/diff.ts">
        <metrics statements="45" coveredstatements="43" conditionals="18" coveredconditionals="11" methods="7" coveredmethods="7"/>
        <line num="14" count="8" type="stmt"/>
        <line num="18" count="4" type="stmt"/>
        <line num="22" count="2" type="cond" truecount="1" falsecount="1"/>
        <line num="26" count="6" type="stmt"/>
        <line num="27" count="6" type="stmt"/>
        <line num="28" count="6" type="stmt"/>
        <line num="30" count="6" type="stmt"/>
        <line num="31" count="2" type="stmt"/>
        <line num="32" count="2" type="cond" truecount="2" falsecount="0"/>
        <line num="33" count="1" type="stmt"/>
        <line num="43" count="6" type="stmt"/>
        <line num="44" count="2" type="stmt"/>
        <line num="45" count="2" type="cond" truecount="2" falsecount="0"/>
        <line num="46" count="1" type="stmt"/>
        <line num="56" count="6" type="stmt"/>
        <line num="60" count="6" type="stmt"/>
        <line num="61" count="6" type="stmt"/>
        <line num="63" count="6" type="stmt"/>
        <line num="64" count="4" type="stmt"/>
        <line num="65" count="4" type="cond" truecount="1" falsecount="1"/>
        <line num="67" count="4" type="stmt"/>
        <line num="68" count="4" type="stmt"/>
        <line num="70" count="4" type="stmt"/>
        <line num="71" count="1" type="cond" truecount="1" falsecount="1"/>
        <line num="72" count="1" type="stmt"/>
        <line num="82" count="4" type="stmt"/>
        <line num="83" count="1" type="cond" truecount="1" falsecount="1"/>
        <line num="84" count="1" type="stmt"/>
        <line num="94" count="4" type="stmt"/>
        <line num="95" count="4" type="stmt"/>
        <line num="97" count="4" type="stmt"/>
        <line num="98" count="1" type="cond" truecount="1" falsecount="1"/>
        <line num="99" count="1" type="stmt"/>
        <line num="109" count="4" type="stmt"/>
        <line num="110" count="0" type="cond" truecount="0" falsecount="2"/>
        <line num="111" count="0" type="stmt"/>
        <line num="122" count="6" type="stmt"/>
        <line num="126" count="7" type="stmt"/>
        <line num="127" count="7" type="stmt"/>
        <line num="129" count="7" type="cond" truecount="2" falsecount="0"/>
        <line num="130" count="6" type="stmt"/>
        <line num="131" count="6" type="stmt"/>
        <line num="134" count="7" type="stmt"/>
        <line num="135" count="7" type="stmt"/>
        <line num="137" count="7" type="stmt"/>
      </file>
      <file name="report.ts" path="/Users/go/work/github/loop-e2e/src/pipeline/report.ts">
        <metrics statements="53" coveredstatements="47" conditionals="25" coveredconditionals="20" methods="10" coveredmethods="9"/>
        <line num="53" count="3" type="cond" truecount="1" falsecount="1"/>
        <line num="54" count="3" type="stmt"/>
        <line num="56" count="0" type="stmt"/>
        <line num="60" count="1" type="cond" truecount="1" falsecount="1"/>
        <line num="61" count="1" type="stmt"/>
        <line num="63" count="0" type="stmt"/>
        <line num="67" count="3" type="cond" truecount="1" falsecount="1"/>
        <line num="68" count="3" type="stmt"/>
        <line num="70" count="0" type="stmt"/>
        <line num="74" count="3" type="cond" truecount="1" falsecount="1"/>
        <line num="75" count="3" type="stmt"/>
        <line num="77" count="0" type="stmt"/>
        <line num="85" count="4" type="stmt"/>
        <line num="86" count="3" type="stmt"/>
        <line num="89" count="4" type="stmt"/>
        <line num="90" count="0" type="stmt"/>
        <line num="93" count="4" type="stmt"/>
        <line num="121" count="4" type="stmt"/>
        <line num="122" count="4" type="stmt"/>
        <line num="123" count="4" type="stmt"/>
        <line num="124" count="4" type="stmt"/>
        <line num="126" count="4" type="cond" truecount="1" falsecount="1"/>
        <line num="129" count="4" type="stmt"/>
        <line num="130" count="4" type="stmt"/>
        <line num="133" count="4" type="stmt"/>
        <line num="134" count="4" type="stmt"/>
        <line num="135" count="4" type="stmt"/>
        <line num="136" count="4" type="stmt"/>
        <line num="138" count="4" type="stmt"/>
        <line num="140" count="3" type="stmt"/>
        <line num="141" count="3" type="stmt"/>
        <line num="142" count="3" type="stmt"/>
        <line num="143" count="3" type="stmt"/>
        <line num="145" count="3" type="cond" truecount="3" falsecount="0"/>
        <line num="149" count="3" type="cond" truecount="2" falsecount="0"/>
        <line num="150" count="1" type="stmt"/>
        <line num="152" count="2" type="stmt"/>
        <line num="158" count="4" type="cond" truecount="4" falsecount="0"/>
        <line num="159" count="2" type="stmt"/>
        <line num="160" count="2" type="stmt"/>
        <line num="161" count="1" type="stmt"/>
        <line num="162" count="1" type="stmt"/>
        <line num="174" count="0" type="stmt"/>
        <line num="180" count="4" type="stmt"/>
        <line num="192" count="4" type="cond" truecount="2" falsecount="0"/>
        <line num="196" count="2" type="stmt"/>
        <line num="197" count="2" type="stmt"/>
        <line num="202" count="4" type="stmt"/>
        <line num="205" count="4" type="stmt"/>
        <line num="206" count="4" type="stmt"/>
        <line num="207" count="4" type="stmt"/>
        <line num="210" count="4" type="stmt"/>
        <line num="211" count="4" type="stmt"/>
      </file>
    </package>
    <package name="pipeline.verify">
      <metrics statements="159" coveredstatements="158" conditionals="49" coveredconditionals="42" methods="35" coveredmethods="35"/>
      <file name="conditional.ts" path="/Users/go/work/github/loop-e2e/src/pipeline/verify/conditional.ts">
        <metrics statements="18" coveredstatements="18" conditionals="6" coveredconditionals="5" methods="4" coveredmethods="4"/>
        <line num="13" count="2" type="stmt"/>
        <line num="25" count="11" type="stmt"/>
        <line num="27" count="11" type="stmt"/>
        <line num="29" count="3" type="stmt"/>
        <line num="30" count="3" type="stmt"/>
        <line num="37" count="11" type="stmt"/>
        <line num="75" count="12" type="stmt"/>
        <line num="77" count="12" type="cond" truecount="2" falsecount="0"/>
        <line num="78" count="3" type="stmt"/>
        <line num="81" count="9" type="stmt"/>
        <line num="83" count="9" type="stmt"/>
        <line num="84" count="11" type="stmt"/>
        <line num="85" count="11" type="stmt"/>
        <line num="86" count="11" type="stmt"/>
        <line num="88" count="10" type="stmt"/>
        <line num="89" count="6" type="stmt"/>
        <line num="98" count="1" type="stmt"/>
        <line num="102" count="9" type="stmt"/>
      </file>
      <file name="errorHandling.ts" path="/Users/go/work/github/loop-e2e/src/pipeline/verify/errorHandling.ts">
        <metrics statements="19" coveredstatements="19" conditionals="4" coveredconditionals="4" methods="3" coveredmethods="3"/>
        <line num="11" count="2" type="stmt"/>
        <line num="24" count="2" type="stmt"/>
        <line num="31" count="16" type="stmt"/>
        <line num="35" count="10" type="stmt"/>
        <line num="37" count="10" type="stmt"/>
        <line num="78" count="13" type="stmt"/>
        <line num="80" count="13" type="cond" truecount="2" falsecount="0"/>
        <line num="81" count="3" type="stmt"/>
        <line num="84" count="10" type="stmt"/>
        <line num="86" count="10" type="stmt"/>
        <line num="87" count="12" type="stmt"/>
        <line num="89" count="12" type="cond" truecount="2" falsecount="0"/>
        <line num="90" count="2" type="stmt"/>
        <line num="93" count="10" type="stmt"/>
        <line num="94" count="10" type="stmt"/>
        <line num="96" count="9" type="stmt"/>
        <line num="97" count="5" type="stmt"/>
        <line num="106" count="1" type="stmt"/>
        <line num="110" count="10" type="stmt"/>
      </file>
      <file name="index.ts" path="/Users/go/work/github/loop-e2e/src/pipeline/verify/index.ts">
        <metrics statements="15" coveredstatements="14" conditionals="0" coveredconditionals="0" methods="6" coveredmethods="6"/>
        <line num="34" count="5" type="stmt"/>
        <line num="36" count="5" type="stmt"/>
        <line num="39" count="5" type="stmt"/>
        <line num="43" count="5" type="stmt"/>
        <line num="47" count="5" type="stmt"/>
        <line num="51" count="5" type="stmt"/>
        <line num="55" count="5" type="stmt"/>
        <line num="59" count="5" type="stmt"/>
        <line num="61" count="5" type="stmt"/>
        <line num="62" count="25" type="stmt"/>
        <line num="63" count="25" type="stmt"/>
        <line num="64" count="25" type="stmt"/>
        <line num="65" count="25" type="stmt"/>
        <line num="67" count="0" type="stmt"/>
        <line num="71" count="5" type="stmt"/>
      </file>
      <file name="layout.ts" path="/Users/go/work/github/loop-e2e/src/pipeline/verify/layout.ts">
        <metrics statements="15" coveredstatements="15" conditionals="2" coveredconditionals="2" methods="2" coveredmethods="2"/>
        <line num="11" count="2" type="stmt"/>
        <line num="24" count="10" type="stmt"/>
        <line num="26" count="10" type="stmt"/>
        <line num="62" count="11" type="stmt"/>
        <line num="64" count="11" type="cond" truecount="2" falsecount="0"/>
        <line num="65" count="3" type="stmt"/>
        <line num="68" count="8" type="stmt"/>
        <line num="70" count="8" type="stmt"/>
        <line num="71" count="10" type="stmt"/>
        <line num="72" count="10" type="stmt"/>
        <line num="73" count="10" type="stmt"/>
        <line num="75" count="8" type="stmt"/>
        <line num="76" count="5" type="stmt"/>
        <line num="85" count="2" type="stmt"/>
        <line num="89" count="8" type="stmt"/>
      </file>
      <file name="registeredData.ts" path="/Users/go/work/github/loop-e2e/src/pipeline/verify/registeredData.ts">
        <metrics statements="49" coveredstatements="49" conditionals="20" coveredconditionals="15" methods="12" coveredmethods="12"/>
        <line num="15" count="24" type="stmt"/>
        <line num="36" count="10" type="stmt"/>
        <line num="37" count="10" type="cond" truecount="2" falsecount="0"/>
        <line num="38" count="2" type="stmt"/>
        <line num="39" count="2" type="stmt"/>
        <line num="41" count="8" type="cond" truecount="1" falsecount="1"/>
        <line num="42" count="10" type="stmt"/>
        <line num="53" count="3" type="stmt"/>
        <line num="55" count="4" type="stmt"/>
        <line num="58" count="4" type="stmt"/>
        <line num="60" count="3" type="stmt"/>
        <line num="70" count="6" type="stmt"/>
        <line num="71" count="6" type="stmt"/>
        <line num="72" count="6" type="stmt"/>
        <line num="73" count="6" type="stmt"/>
        <line num="75" count="6" type="cond" truecount="1" falsecount="1"/>
        <line num="77" count="6" type="stmt"/>
        <line num="85" count="16" type="stmt"/>
        <line num="86" count="16" type="stmt"/>
        <line num="88" count="16" type="stmt"/>
        <line num="89" count="11" type="stmt"/>
        <line num="90" count="10" type="stmt"/>
        <line num="92" count="10" type="stmt"/>
        <line num="93" count="10" type="cond" truecount="2" falsecount="0"/>
        <line num="94" count="2" type="stmt"/>
        <line num="101" count="2" type="stmt"/>
        <line num="105" count="8" type="cond" truecount="2" falsecount="0"/>
        <line num="106" count="1" type="stmt"/>
        <line num="110" count="7" type="stmt"/>
        <line num="111" count="7" type="cond" truecount="2" falsecount="0"/>
        <line num="112" count="1" type="stmt"/>
        <line num="117" count="6" type="stmt"/>
        <line num="118" count="6" type="stmt"/>
        <line num="119" count="6" type="stmt"/>
        <line num="121" count="6" type="stmt"/>
        <line num="122" count="6" type="stmt"/>
        <line num="124" count="4" type="cond" truecount="2" falsecount="0"/>
        <line num="125" count="1" type="stmt"/>
        <line num="132" count="1" type="stmt"/>
        <line num="135" count="3" type="stmt"/>
        <line num="139" count="3" type="stmt"/>
        <line num="140" count="3" type="stmt"/>
        <line num="149" count="2" type="cond" truecount="1" falsecount="1"/>
        <line num="150" count="2" type="stmt"/>
        <line num="151" count="2" type="cond" truecount="2" falsecount="2"/>
        <line num="152" count="2" type="stmt"/>
        <line num="153" count="2" type="stmt"/>
        <line num="154" count="2" type="stmt"/>
        <line num="165" count="14" type="stmt"/>
      </file>
      <file name="security.ts" path="/Users/go/work/github/loop-e2e/src/pipeline/verify/security.ts">
        <metrics statements="43" coveredstatements="43" conditionals="17" coveredconditionals="16" methods="8" coveredmethods="8"/>
        <line num="12" count="7" type="stmt"/>
        <line num="13" count="7" type="stmt"/>
        <line num="14" count="7" type="stmt"/>
        <line num="15" count="112" type="stmt"/>
        <line num="16" count="112" type="cond" truecount="2" falsecount="0"/>
        <line num="17" count="56" type="stmt"/>
        <line num="18" count="56" type="cond" truecount="1" falsecount="1"/>
        <line num="20" count="112" type="stmt"/>
        <line num="21" count="112" type="stmt"/>
        <line num="23" count="7" type="stmt"/>
        <line num="27" count="2" type="stmt"/>
        <line num="34" count="17" type="cond" truecount="2" falsecount="0"/>
        <line num="35" count="17" type="stmt"/>
        <line num="36" count="5" type="stmt"/>
        <line num="37" count="5" type="cond" truecount="3" falsecount="0"/>
        <line num="43" count="2" type="stmt"/>
        <line num="45" count="2" type="stmt"/>
        <line num="48" count="17" type="stmt"/>
        <line num="50" count="17" type="stmt"/>
        <line num="51" count="17" type="stmt"/>
        <line num="52" count="3" type="stmt"/>
        <line num="54" count="17" type="stmt"/>
        <line num="55" count="17" type="stmt"/>
        <line num="56" count="1" type="stmt"/>
        <line num="58" count="17" type="stmt"/>
        <line num="62" count="2" type="stmt"/>
        <line num="69" count="29" type="stmt"/>
        <line num="81" count="14" type="stmt"/>
        <line num="82" count="14" type="stmt"/>
        <line num="84" count="14" type="stmt"/>
        <line num="85" count="14" type="stmt"/>
        <line num="87" count="14" type="stmt"/>
        <line num="88" count="14" type="cond" truecount="2" falsecount="0"/>
        <line num="89" count="2" type="stmt"/>
        <line num="100" count="13" type="stmt"/>
        <line num="101" count="13" type="stmt"/>
        <line num="102" count="13" type="cond" truecount="2" falsecount="0"/>
        <line num="103" count="2" type="stmt"/>
        <line num="113" count="13" type="stmt"/>
        <line num="114" count="13" type="cond" truecount="4" falsecount="0"/>
        <line num="115" count="5" type="stmt"/>
        <line num="125" count="1" type="stmt"/>
        <line num="129" count="14" type="stmt"/>
      </file>
    </package>
    <package name="scenario">
      <metrics statements="19" coveredstatements="19" conditionals="4" coveredconditionals="3" methods="2" coveredmethods="2"/>
      <file name="schema.ts" path="/Users/go/work/github/loop-e2e/src/scenario/schema.ts">
        <metrics statements="19" coveredstatements="19" conditionals="4" coveredconditionals="3" methods="2" coveredmethods="2"/>
        <line num="7" count="5" type="stmt"/>
        <line num="15" count="5" type="stmt"/>
        <line num="22" count="5" type="stmt"/>
        <line num="30" count="5" type="stmt"/>
        <line num="46" count="5" type="stmt"/>
        <line num="54" count="25" type="stmt"/>
        <line num="55" count="25" type="stmt"/>
        <line num="57" count="1" type="stmt"/>
        <line num="60" count="24" type="stmt"/>
        <line num="61" count="24" type="stmt"/>
        <line num="62" count="25" type="cond" truecount="2" falsecount="0"/>
        <line num="63" count="24" type="stmt"/>
        <line num="64" count="24" type="stmt"/>
        <line num="65" count="24" type="cond" truecount="1" falsecount="1"/>
        <line num="66" count="24" type="stmt"/>
        <line num="69" count="24" type="stmt"/>
        <line num="77" count="32" type="stmt"/>
        <line num="78" count="32" type="stmt"/>
        <line num="79" count="32" type="stmt"/>
      </file>
    </package>
    <package name="services.browser">
      <metrics statements="50" coveredstatements="40" conditionals="12" coveredconditionals="5" methods="8" coveredmethods="5"/>
      <file name="crawler.ts" path="/Users/go/work/github/loop-e2e/src/services/browser/crawler.ts">
        <metrics statements="45" coveredstatements="35" conditionals="12" coveredconditionals="5" methods="7" coveredmethods="4"/>
        <line num="34" count="1" type="cond" truecount="1" falsecount="1"/>
        <line num="35" count="0" type="stmt"/>
        <line num="36" count="0" type="stmt"/>
        <line num="38" count="1" type="stmt"/>
        <line num="39" count="1" type="stmt"/>
        <line num="40" count="1" type="stmt"/>
        <line num="41" count="1" type="stmt"/>
        <line num="43" count="1" type="cond" truecount="1" falsecount="1"/>
        <line num="44" count="1" type="stmt"/>
        <line num="45" count="1" type="stmt"/>
        <line num="47" count="1" type="cond" truecount="1" falsecount="1"/>
        <line num="48" count="1" type="stmt"/>
        <line num="49" count="1" type="stmt"/>
        <line num="51" count="1" type="stmt"/>
        <line num="52" count="1" type="stmt"/>
        <line num="53" count="1" type="stmt"/>
        <line num="60" count="2" type="stmt"/>
        <line num="61" count="0" type="stmt"/>
        <line num="62" count="0" type="stmt"/>
        <line num="63" count="0" type="stmt"/>
        <line num="64" count="0" type="stmt"/>
        <line num="65" count="0" type="cond" truecount="0" falsecount="4"/>
        <line num="67" count="0" type="stmt"/>
        <line num="81" count="2" type="stmt"/>
        <line num="82" count="2" type="stmt"/>
        <line num="85" count="2" type="cond" truecount="2" falsecount="0"/>
        <line num="86" count="1" type="stmt"/>
        <line num="90" count="2" type="stmt"/>
        <line num="91" count="2" type="stmt"/>
        <line num="93" count="2" type="stmt"/>
        <line num="94" count="2" type="stmt"/>
        <line num="95" count="2" type="stmt"/>
        <line num="96" count="2" type="stmt"/>
        <line num="97" count="2" type="stmt"/>
        <line num="98" count="2" type="stmt"/>
        <line num="103" count="2" type="stmt"/>
        <line num="104" count="2" type="stmt"/>
        <line num="105" count="2" type="stmt"/>
        <line num="106" count="2" type="stmt"/>
        <line num="109" count="0" type="stmt"/>
        <line num="112" count="2" type="stmt"/>
        <line num="113" count="2" type="stmt"/>
        <line num="114" count="2" type="stmt"/>
        <line num="126" count="0" type="stmt"/>
        <line num="130" count="2" type="stmt"/>
      </file>
      <file name="snapshot.ts" path="/Users/go/work/github/loop-e2e/src/services/browser/snapshot.ts">
        <metrics statements="5" coveredstatements="5" conditionals="0" coveredconditionals="0" methods="1" coveredmethods="1"/>
        <line num="11" count="2" type="stmt"/>
        <line num="12" count="2" type="stmt"/>
        <line num="13" count="2" type="stmt"/>
        <line num="14" count="2" type="stmt"/>
        <line num="15" count="2" type="stmt"/>
      </file>
    </package>
    <package name="services.db">
      <metrics statements="29" coveredstatements="19" conditionals="10" coveredconditionals="8" methods="10" coveredmethods="5"/>
      <file name="index.ts" path="/Users/go/work/github/loop-e2e/src/services/db/index.ts">
        <metrics statements="5" coveredstatements="5" conditionals="4" coveredconditionals="4" methods="1" coveredmethods="1"/>
        <line num="31" count="14" type="cond" truecount="3" falsecount="0"/>
        <line num="33" count="11" type="stmt"/>
        <line num="35" count="2" type="stmt"/>
        <line num="37" count="1" type="stmt"/>
        <line num="38" count="1" type="stmt"/>
      </file>
      <file name="mysql.ts" path="/Users/go/work/github/loop-e2e/src/services/db/mysql.ts">
        <metrics statements="15" coveredstatements="7" conditionals="3" coveredconditionals="2" methods="6" coveredmethods="2"/>
        <line num="29" count="0" type="stmt"/>
        <line num="33" count="0" type="stmt"/>
        <line num="34" count="0" type="stmt"/>
        <line num="36" count="0" type="stmt"/>
        <line num="38" count="0" type="stmt"/>
        <line num="39" count="0" type="stmt"/>
        <line num="42" count="0" type="stmt"/>
        <line num="43" count="0" type="stmt"/>
        <line num="59" count="2" type="stmt"/>
        <line num="67" count="2" type="stmt"/>
        <line num="69" count="3" type="stmt"/>
        <line num="70" count="3" type="stmt"/>
        <line num="71" count="1" type="stmt"/>
        <line num="73" count="2" type="cond" truecount="1" falsecount="1"/>
        <line num="74" count="2" type="stmt"/>
      </file>
      <file name="postgres.ts" path="/Users/go/work/github/loop-e2e/src/services/db/postgres.ts">
        <metrics statements="9" coveredstatements="7" conditionals="3" coveredconditionals="2" methods="3" coveredmethods="2"/>
        <line num="29" count="0" type="stmt"/>
        <line num="30" count="0" type="stmt"/>
        <line num="44" count="11" type="stmt"/>
        <line num="52" count="11" type="stmt"/>
        <line num="54" count="10" type="stmt"/>
        <line num="55" count="10" type="stmt"/>
        <line num="56" count="6" type="stmt"/>
        <line num="58" count="4" type="cond" truecount="1" falsecount="1"/>
        <line num="59" count="4" type="stmt"/>
      </file>
    </package>
    <package name="services.github">
      <metrics statements="24" coveredstatements="23" conditionals="11" coveredconditionals="8" methods="6" coveredmethods="6"/>
      <file name="issues.ts" path="/Users/go/work/github/loop-e2e/src/services/github/issues.ts">
        <metrics statements="12" coveredstatements="11" conditionals="7" coveredconditionals="5" methods="2" coveredmethods="2"/>
        <line num="26" count="3" type="stmt"/>
        <line num="28" count="3" type="stmt"/>
        <line num="36" count="3" type="stmt"/>
        <line num="37" count="2" type="cond" truecount="2" falsecount="0"/>
        <line num="40" count="3" type="cond" truecount="2" falsecount="0"/>
        <line num="41" count="1" type="stmt"/>
        <line num="42" count="1" type="stmt"/>
        <line num="46" count="2" type="stmt"/>
        <line num="47" count="2" type="stmt"/>
        <line num="49" count="2" type="stmt"/>
        <line num="57" count="2" type="stmt"/>
        <line num="59" count="0" type="stmt"/>
      </file>
      <file name="labels.ts" path="/Users/go/work/github/loop-e2e/src/services/github/labels.ts">
        <metrics statements="12" coveredstatements="12" conditionals="4" coveredconditionals="3" methods="4" coveredmethods="4"/>
        <line num="18" count="28" type="stmt"/>
        <line num="19" count="28" type="cond" truecount="2" falsecount="0"/>
        <line num="20" count="1" type="stmt"/>
        <line num="22" count="27" type="stmt"/>
        <line num="34" count="4" type="stmt"/>
        <line num="35" count="4" type="stmt"/>
        <line num="40" count="3" type="stmt"/>
        <line num="41" count="3" type="stmt"/>
        <line num="42" count="6" type="stmt"/>
        <line num="44" count="3" type="stmt"/>
        <line num="45" count="3" type="stmt"/>
        <line num="52" count="1" type="stmt"/>
      </file>
    </package>
    <package name="services.llm">
      <metrics statements="78" coveredstatements="77" conditionals="28" coveredconditionals="24" methods="25" coveredmethods="23"/>
      <file name="client.ts" path="/Users/go/work/github/loop-e2e/src/services/llm/client.ts">
        <metrics statements="25" coveredstatements="24" conditionals="14" coveredconditionals="11" methods="7" coveredmethods="5"/>
        <line num="30" count="2" type="stmt"/>
        <line num="41" count="7" type="cond" truecount="1" falsecount="0"/>
        <line num="43" count="7" type="cond" truecount="1" falsecount="1"/>
        <line num="46" count="7" type="stmt"/>
        <line num="50" count="10" type="cond" truecount="2" falsecount="0"/>
        <line num="51" count="10" type="stmt"/>
        <line num="56" count="10" type="stmt"/>
        <line num="57" count="10" type="cond" truecount="1" falsecount="1"/>
        <line num="67" count="7" type="stmt"/>
        <line num="69" count="7" type="cond" truecount="2" falsecount="0"/>
        <line num="70" count="4" type="stmt"/>
        <line num="74" count="3" type="stmt"/>
        <line num="77" count="3" type="stmt"/>
        <line num="78" count="6" type="stmt"/>
        <line num="79" count="6" type="stmt"/>
        <line num="80" count="6" type="stmt"/>
        <line num="81" count="6" type="stmt"/>
        <line num="83" count="4" type="stmt"/>
        <line num="84" count="4" type="cond" truecount="2" falsecount="0"/>
        <line num="85" count="3" type="stmt"/>
        <line num="86" count="3" type="stmt"/>
        <line num="87" count="3" type="cond" truecount="1" falsecount="1"/>
        <line num="91" count="1" type="stmt"/>
        <line num="96" count="7" type="stmt"/>
        <line num="100" count="0" type="stmt"/>
      </file>
      <file name="diffJudge.ts" path="/Users/go/work/github/loop-e2e/src/services/llm/diffJudge.ts">
        <metrics statements="10" coveredstatements="10" conditionals="4" coveredconditionals="4" methods="1" coveredmethods="1"/>
        <line num="7" count="1" type="stmt"/>
        <line num="15" count="1" type="stmt"/>
        <line num="22" count="7" type="cond" truecount="4" falsecount="0"/>
        <line num="24" count="1" type="stmt"/>
        <line num="26" count="1" type="stmt"/>
        <line num="27" count="1" type="stmt"/>
        <line num="28" count="1" type="stmt"/>
        <line num="29" count="1" type="stmt"/>
        <line num="30" count="1" type="stmt"/>
        <line num="34" count="1" type="stmt"/>
      </file>
      <file name="feedbackVerify.ts" path="/Users/go/work/github/loop-e2e/src/services/llm/feedbackVerify.ts">
        <metrics statements="5" coveredstatements="5" conditionals="2" coveredconditionals="2" methods="2" coveredmethods="2"/>
        <line num="12" count="3" type="stmt"/>
        <line num="33" count="17" type="stmt"/>
        <line num="34" count="17" type="stmt"/>
        <line num="38" count="17" type="cond" truecount="2" falsecount="0"/>
        <line num="42" count="17" type="stmt"/>
      </file>
      <file name="refute.ts" path="/Users/go/work/github/loop-e2e/src/services/llm/refute.ts">
        <metrics statements="32" coveredstatements="32" conditionals="8" coveredconditionals="7" methods="13" coveredmethods="13"/>
        <line num="7" count="1" type="stmt"/>
        <line num="21" count="12" type="stmt"/>
        <line num="22" count="12" type="stmt"/>
        <line num="26" count="4" type="cond" truecount="1" falsecount="1"/>
        <line num="27" count="11" type="stmt"/>
        <line num="31" count="3" type="stmt"/>
        <line num="32" count="3" type="stmt"/>
        <line num="33" count="9" type="cond" truecount="2" falsecount="0"/>
        <line num="35" count="3" type="stmt"/>
        <line num="36" count="3" type="stmt"/>
        <line num="37" count="3" type="stmt"/>
        <line num="38" count="4" type="cond" truecount="2" falsecount="0"/>
        <line num="39" count="3" type="stmt"/>
        <line num="40" count="3" type="stmt"/>
        <line num="43" count="3" type="stmt"/>
        <line num="52" count="4" type="stmt"/>
        <line num="55" count="4" type="stmt"/>
        <line num="57" count="12" type="stmt"/>
        <line num="60" count="4" type="stmt"/>
        <line num="61" count="12" type="stmt"/>
        <line num="64" count="12" type="stmt"/>
        <line num="65" count="4" type="stmt"/>
        <line num="66" count="4" type="stmt"/>
        <line num="68" count="4" type="cond" truecount="2" falsecount="0"/>
        <line num="69" count="3" type="stmt"/>
        <line num="70" count="9" type="stmt"/>
        <line num="71" count="8" type="stmt"/>
        <line num="72" count="9" type="stmt"/>
        <line num="74" count="3" type="stmt"/>
        <line num="84" count="1" type="stmt"/>
        <line num="86" count="3" type="stmt"/>
        <line num="90" count="3" type="stmt"/>
      </file>
      <file name="scenarioGen.ts" path="/Users/go/work/github/loop-e2e/src/services/llm/scenarioGen.ts">
        <metrics statements="6" coveredstatements="6" conditionals="0" coveredconditionals="0" methods="2" coveredmethods="2"/>
        <line num="8" count="2" type="stmt"/>
        <line num="21" count="6" type="stmt"/>
        <line num="23" count="5" type="stmt"/>
        <line num="24" count="5" type="stmt"/>
        <line num="26" count="5" type="stmt"/>
        <line num="27" count="5" type="stmt"/>
      </file>
    </package>
    <package name="services.llm.prompts">
      <metrics statements="19" coveredstatements="18" conditionals="18" coveredconditionals="10" methods="7" coveredmethods="6"/>
      <file name="diff.ts" path="/Users/go/work/github/loop-e2e/src/services/llm/prompts/diff.ts">
        <metrics statements="4" coveredstatements="3" conditionals="6" coveredconditionals="4" methods="4" coveredmethods="3"/>
        <line num="5" count="1" type="stmt"/>
        <line num="13" count="1" type="stmt"/>
        <line num="17" count="1" type="cond" truecount="1" falsecount="1"/>
        <line num="20" count="0" type="cond" truecount="1" falsecount="1"/>
      </file>
      <file name="refute.ts" path="/Users/go/work/github/loop-e2e/src/services/llm/prompts/refute.ts">
        <metrics statements="3" coveredstatements="3" conditionals="4" coveredconditionals="2" methods="1" coveredmethods="1"/>
        <line num="8" count="12" type="cond" truecount="1" falsecount="1"/>
        <line num="12" count="12" type="stmt"/>
        <line num="18" count="12" type="stmt"/>
      </file>
      <file name="scenario.ts" path="/Users/go/work/github/loop-e2e/src/services/llm/prompts/scenario.ts">
        <metrics statements="12" coveredstatements="12" conditionals="8" coveredconditionals="4" methods="2" coveredmethods="2"/>
        <line num="10" count="5" type="stmt"/>
        <line num="12" count="5" type="stmt"/>
        <line num="62" count="6" type="stmt"/>
        <line num="67" count="6" type="cond" truecount="1" falsecount="1"/>
        <line num="68" count="6" type="stmt"/>
        <line num="71" count="6" type="cond" truecount="1" falsecount="1"/>
        <line num="72" count="6" type="stmt"/>
        <line num="75" count="6" type="cond" truecount="1" falsecount="1"/>
        <line num="76" count="6" type="stmt"/>
        <line num="79" count="6" type="cond" truecount="1" falsecount="1"/>
        <line num="80" count="6" type="stmt"/>
        <line num="83" count="6" type="stmt"/>
      </file>
    </package>
    <package name="services.repo">
      <metrics statements="129" coveredstatements="121" conditionals="48" coveredconditionals="40" methods="30" coveredmethods="28"/>
      <file name="clone.ts" path="/Users/go/work/github/loop-e2e/src/services/repo/clone.ts">
        <metrics statements="26" coveredstatements="25" conditionals="9" coveredconditionals="5" methods="4" coveredmethods="3"/>
        <line num="10" count="3" type="stmt"/>
        <line num="28" count="3" type="stmt"/>
        <line num="29" count="0" type="cond" truecount="0" falsecount="2"/>
        <line num="48" count="13" type="stmt"/>
        <line num="49" count="13" type="stmt"/>
        <line num="50" count="13" type="stmt"/>
        <line num="52" count="13" type="stmt"/>
        <line num="54" count="13" type="cond" truecount="2" falsecount="0"/>
        <line num="55" count="5" type="stmt"/>
        <line num="56" count="5" type="stmt"/>
        <line num="57" count="5" type="stmt"/>
        <line num="62" count="1" type="cond" truecount="1" falsecount="1"/>
        <line num="63" count="1" type="stmt"/>
        <line num="65" count="4" type="stmt"/>
        <line num="67" count="8" type="stmt"/>
        <line num="68" count="8" type="stmt"/>
        <line num="69" count="8" type="stmt"/>
        <line num="71" count="1" type="cond" truecount="1" falsecount="1"/>
        <line num="72" count="1" type="stmt"/>
        <line num="74" count="7" type="stmt"/>
        <line num="77" count="11" type="stmt"/>
        <line num="85" count="13" type="stmt"/>
        <line num="89" count="13" type="stmt"/>
        <line num="90" count="13" type="stmt"/>
        <line num="91" count="8" type="stmt"/>
        <line num="93" count="5" type="stmt"/>
      </file>
      <file name="gitlog.ts" path="/Users/go/work/github/loop-e2e/src/services/repo/gitlog.ts">
        <metrics statements="7" coveredstatements="5" conditionals="1" coveredconditionals="1" methods="2" coveredmethods="1"/>
        <line num="5" count="3" type="stmt"/>
        <line num="17" count="3" type="stmt"/>
        <line num="18" count="0" type="stmt"/>
        <line num="19" count="0" type="stmt"/>
        <line num="34" count="8" type="stmt"/>
        <line num="35" count="8" type="stmt"/>
        <line num="40" count="8" type="stmt"/>
      </file>
      <file name="reader.ts" path="/Users/go/work/github/loop-e2e/src/services/repo/reader.ts">
        <metrics statements="27" coveredstatements="26" conditionals="12" coveredconditionals="12" methods="9" coveredmethods="9"/>
        <line num="48" count="4" type="stmt"/>
        <line num="49" count="4" type="stmt"/>
        <line num="53" count="4" type="cond" truecount="4" falsecount="0"/>
        <line num="54" count="1" type="stmt"/>
        <line num="55" count="1" type="stmt"/>
        <line num="61" count="3" type="stmt"/>
        <line num="68" count="4" type="stmt"/>
        <line num="70" count="4" type="stmt"/>
        <line num="78" count="4" type="stmt"/>
        <line num="84" count="4" type="stmt"/>
        <line num="85" count="4" type="cond" truecount="2" falsecount="0"/>
        <line num="87" count="4" type="cond" truecount="2" falsecount="0"/>
        <line num="90" count="4" type="stmt"/>
        <line num="92" count="8" type="cond" truecount="2" falsecount="0"/>
        <line num="95" count="4" type="stmt"/>
        <line num="98" count="4" type="stmt"/>
        <line num="99" count="8" type="cond" truecount="2" falsecount="0"/>
        <line num="102" count="4" type="stmt"/>
        <line num="108" count="4" type="stmt"/>
        <line num="110" count="4" type="stmt"/>
        <line num="114" count="1" type="stmt"/>
        <line num="115" count="1" type="stmt"/>
        <line num="116" count="1" type="stmt"/>
        <line num="117" count="1" type="stmt"/>
        <line num="118" count="1" type="stmt"/>
        <line num="120" count="0" type="stmt"/>
        <line num="123" count="1" type="stmt"/>
      </file>
      <file name="select.ts" path="/Users/go/work/github/loop-e2e/src/services/repo/select.ts">
        <metrics statements="57" coveredstatements="53" conditionals="24" coveredconditionals="20" methods="11" coveredmethods="11"/>
        <line num="14" count="4" type="stmt"/>
        <line num="32" count="4" type="stmt"/>
        <line num="49" count="4" type="stmt"/>
        <line num="59" count="4" type="stmt"/>
        <line num="71" count="4" type="stmt"/>
        <line num="96" count="4" type="stmt"/>
        <line num="111" count="6" type="stmt"/>
        <line num="112" count="51" type="cond" truecount="2" falsecount="0"/>
        <line num="114" count="0" type="stmt"/>
        <line num="118" count="231" type="stmt"/>
        <line num="122" count="37" type="cond" truecount="2" falsecount="0"/>
        <line num="123" count="35" type="cond" truecount="1" falsecount="1"/>
        <line num="124" count="478" type="cond" truecount="2" falsecount="0"/>
        <line num="125" count="238" type="cond" truecount="1" falsecount="1"/>
        <line num="126" count="34" type="stmt"/>
        <line num="138" count="34" type="stmt"/>
        <line num="139" count="34" type="stmt"/>
        <line num="140" count="34" type="stmt"/>
        <line num="153" count="25" type="stmt"/>
        <line num="154" count="25" type="stmt"/>
        <line num="156" count="0" type="stmt"/>
        <line num="159" count="25" type="stmt"/>
        <line num="160" count="37" type="stmt"/>
        <line num="161" count="37" type="cond" truecount="2" falsecount="0"/>
        <line num="163" count="37" type="cond" truecount="2" falsecount="0"/>
        <line num="166" count="34" type="stmt"/>
        <line num="167" count="34" type="stmt"/>
        <line num="169" count="0" type="stmt"/>
        <line num="172" count="34" type="cond" truecount="2" falsecount="0"/>
        <line num="173" count="12" type="stmt"/>
        <line num="174" count="22" type="cond" truecount="1" falsecount="1"/>
        <line num="175" count="22" type="stmt"/>
        <line num="190" count="13" type="stmt"/>
        <line num="191" count="13" type="stmt"/>
        <line num="193" count="13" type="stmt"/>
        <line num="194" count="13" type="stmt"/>
        <line num="196" count="13" type="stmt"/>
        <line num="197" count="22" type="cond" truecount="2" falsecount="0"/>
        <line num="198" count="8" type="stmt"/>
        <line num="200" count="14" type="stmt"/>
        <line num="205" count="13" type="stmt"/>
        <line num="207" count="13" type="stmt"/>
        <line num="208" count="13" type="stmt"/>
        <line num="212" count="22" type="stmt"/>
        <line num="213" count="22" type="stmt"/>
        <line num="215" count="0" type="stmt"/>
        <line num="217" count="22" type="stmt"/>
        <line num="218" count="22" type="cond" truecount="2" falsecount="0"/>
        <line num="219" count="20" type="stmt"/>
        <line num="220" count="20" type="stmt"/>
        <line num="223" count="13" type="stmt"/>
        <line num="224" count="8" type="stmt"/>
        <line num="226" count="13" type="stmt"/>
        <line num="227" count="14" type="cond" truecount="1" falsecount="1"/>
        <line num="228" count="14" type="stmt"/>
        <line num="231" count="13" type="stmt"/>
        <line num="236" count="13" type="stmt"/>
      </file>
      <file name="summarize.ts" path="/Users/go/work/github/loop-e2e/src/services/repo/summarize.ts">
        <metrics statements="12" coveredstatements="12" conditionals="2" coveredconditionals="2" methods="4" coveredmethods="4"/>
        <line num="21" count="8" type="stmt"/>
        <line num="22" count="8" type="stmt"/>
        <line num="24" count="8" type="cond" truecount="2" falsecount="0"/>
        <line num="25" count="6" type="stmt"/>
        <line num="26" count="6" type="stmt"/>
        <line num="29" count="2" type="stmt"/>
        <line num="32" count="2" type="stmt"/>
        <line num="34" count="3" type="stmt"/>
        <line num="35" count="3" type="stmt"/>
        <line num="36" count="3" type="stmt"/>
        <line num="40" count="2" type="stmt"/>
        <line num="44" count="3" type="stmt"/>
      </file>
    </package>
    <package name="state">
      <metrics statements="54" coveredstatements="52" conditionals="8" coveredconditionals="5" methods="16" coveredmethods="16"/>
      <file name="paths.ts" path="/Users/go/work/github/loop-e2e/src/state/paths.ts">
        <metrics statements="2" coveredstatements="2" conditionals="0" coveredconditionals="0" methods="1" coveredmethods="1"/>
        <line num="3" count="8" type="stmt"/>
        <line num="5" count="110" type="stmt"/>
      </file>
      <file name="store.ts" path="/Users/go/work/github/loop-e2e/src/state/store.ts">
        <metrics statements="52" coveredstatements="50" conditionals="8" coveredconditionals="5" methods="15" coveredmethods="15"/>
        <line num="22" count="5" type="stmt"/>
        <line num="23" count="5" type="stmt"/>
        <line num="30" count="3" type="stmt"/>
        <line num="31" count="3" type="stmt"/>
        <line num="32" count="3" type="stmt"/>
        <line num="33" count="3" type="stmt"/>
        <line num="35" count="1" type="stmt"/>
        <line num="43" count="4" type="stmt"/>
        <line num="44" count="4" type="stmt"/>
        <line num="52" count="3" type="stmt"/>
        <line num="54" count="3" type="stmt"/>
        <line num="55" count="3" type="stmt"/>
        <line num="57" count="0" type="stmt"/>
        <line num="59" count="5" type="stmt"/>
        <line num="60" count="3" type="cond" truecount="1" falsecount="1"/>
        <line num="62" count="3" type="stmt"/>
        <line num="64" count="5" type="stmt"/>
        <line num="65" count="5" type="stmt"/>
        <line num="68" count="3" type="stmt"/>
        <line num="69" count="3" type="stmt"/>
        <line num="70" count="3" type="stmt"/>
        <line num="79" count="11" type="stmt"/>
        <line num="81" count="11" type="stmt"/>
        <line num="82" count="11" type="stmt"/>
        <line num="84" count="1" type="stmt"/>
        <line num="88" count="12" type="stmt"/>
        <line num="89" count="10" type="cond" truecount="2" falsecount="0"/>
        <line num="90" count="9" type="stmt"/>
        <line num="91" count="11" type="stmt"/>
        <line num="93" count="9" type="stmt"/>
        <line num="97" count="1" type="stmt"/>
        <line num="98" count="1" type="stmt"/>
        <line num="99" count="1" type="stmt"/>
        <line num="100" count="1" type="cond" truecount="1" falsecount="1"/>
        <line num="102" count="0" type="stmt"/>
        <line num="111" count="16" type="stmt"/>
        <line num="112" count="16" type="stmt"/>
        <line num="113" count="16" type="stmt"/>
        <line num="122" count="8" type="stmt"/>
        <line num="124" count="8" type="stmt"/>
        <line num="125" count="8" type="stmt"/>
        <line num="127" count="3" type="stmt"/>
        <line num="129" count="6" type="stmt"/>
        <line num="130" count="5" type="cond" truecount="1" falsecount="1"/>
        <line num="131" count="5" type="stmt"/>
        <line num="132" count="6" type="stmt"/>
        <line num="134" count="5" type="stmt"/>
        <line num="146" count="13" type="stmt"/>
        <line num="148" count="13" type="stmt"/>
        <line num="149" count="13" type="stmt"/>
        <line num="150" count="13" type="stmt"/>
        <line num="156" count="13" type="stmt"/>
      </file>
    </package>
    <package name="util">
      <metrics statements="8" coveredstatements="8" conditionals="2" coveredconditionals="1" methods="6" coveredmethods="6"/>
      <file name="fs.ts" path="/Users/go/work/github/loop-e2e/src/util/fs.ts">
        <metrics statements="4" coveredstatements="4" conditionals="0" coveredconditionals="0" methods="3" coveredmethods="3"/>
        <line num="6" count="215" type="stmt"/>
        <line num="10" count="62" type="stmt"/>
        <line num="14" count="100" type="stmt"/>
        <line num="15" count="100" type="stmt"/>
      </file>
      <file name="hash.ts" path="/Users/go/work/github/loop-e2e/src/util/hash.ts">
        <metrics statements="1" coveredstatements="1" conditionals="0" coveredconditionals="0" methods="1" coveredmethods="1"/>
        <line num="5" count="15" type="stmt"/>
      </file>
      <file name="logger.ts" path="/Users/go/work/github/loop-e2e/src/util/logger.ts">
        <metrics statements="1" coveredstatements="1" conditionals="2" coveredconditionals="1" methods="0" coveredmethods="0"/>
        <line num="3" count="28" type="cond" truecount="1" falsecount="1"/>
      </file>
      <file name="mask.ts" path="/Users/go/work/github/loop-e2e/src/util/mask.ts">
        <metrics statements="2" coveredstatements="2" conditionals="0" coveredconditionals="0" methods="2" coveredmethods="2"/>
        <line num="2" count="27" type="stmt"/>
        <line num="3" count="24" type="stmt"/>
      </file>
    </package>
  </project>
</coverage>
