{"/Users/go/work/github/loop-e2e/src/cli/commands/feedback.ts": {"path":"/Users/go/work/github/loop-e2e/src/cli/commands/feedback.ts","statementMap":{"0":{"start":{"line":33,"column":8},"end":{"line":33,"column":null}},"1":{"start":{"line":34,"column":8},"end":{"line":34,"column":null}},"2":{"start":{"line":35,"column":2},"end":{"line":39,"column":null}},"3":{"start":{"line":36,"column":4},"end":{"line":36,"column":null}},"4":{"start":{"line":38,"column":4},"end":{"line":38,"column":null}},"5":{"start":{"line":58,"column":68},"end":{"line":58,"column":null}},"6":{"start":{"line":59,"column":50},"end":{"line":59,"column":null}},"7":{"start":{"line":62,"column":17},"end":{"line":62,"column":null}},"8":{"start":{"line":63,"column":18},"end":{"line":63,"column":null}},"9":{"start":{"line":64,"column":20},"end":{"line":66,"column":null}},"10":{"start":{"line":68,"column":2},"end":{"line":68,"column":null}},"11":{"start":{"line":71,"column":19},"end":{"line":81,"column":null}},"12":{"start":{"line":83,"column":23},"end":{"line":89,"column":null}},"13":{"start":{"line":91,"column":30},"end":{"line":91,"column":null}},"14":{"start":{"line":94,"column":2},"end":{"line":127,"column":null}},"15":{"start":{"line":96,"column":15},"end":{"line":98,"column":null}},"16":{"start":{"line":99,"column":4},"end":{"line":99,"column":null}},"17":{"start":{"line":100,"column":4},"end":{"line":100,"column":null}},"18":{"start":{"line":103,"column":4},"end":{"line":124,"column":null}},"19":{"start":{"line":104,"column":24},"end":{"line":104,"column":null}},"20":{"start":{"line":105,"column":23},"end":{"line":105,"column":null}},"21":{"start":{"line":105,"column":45},"end":{"line":105,"column":64}},"22":{"start":{"line":106,"column":6},"end":{"line":123,"column":null}},"23":{"start":{"line":107,"column":32},"end":{"line":117,"column":null}},"24":{"start":{"line":118,"column":8},"end":{"line":118,"column":null}},"25":{"start":{"line":119,"column":8},"end":{"line":119,"column":null}},"26":{"start":{"line":120,"column":8},"end":{"line":120,"column":null}},"27":{"start":{"line":122,"column":8},"end":{"line":122,"column":null}},"28":{"start":{"line":126,"column":4},"end":{"line":126,"column":null}},"29":{"start":{"line":130,"column":33},"end":{"line":137,"column":null}},"30":{"start":{"line":138,"column":2},"end":{"line":138,"column":null}},"31":{"start":{"line":139,"column":2},"end":{"line":139,"column":null}},"32":{"start":{"line":146,"column":2},"end":{"line":146,"column":null}},"33":{"start":{"line":146,"column":15},"end":{"line":146,"column":null}},"34":{"start":{"line":147,"column":2},"end":{"line":147,"column":null}}},"fnMap":{"0":{"name":"defaultLoadReport","decl":{"start":{"line":32,"column":15},"end":{"line":32,"column":33}},"loc":{"start":{"line":32,"column":86},"end":{"line":40,"column":null}},"line":32},"1":{"name":"runFeedback","decl":{"start":{"line":53,"column":22},"end":{"line":53,"column":null}},"loc":{"start":{"line":57,"column":17},"end":{"line":140,"column":null}},"line":57},"2":{"name":"(anonymous_2)","decl":{"start":{"line":105,"column":33},"end":{"line":105,"column":39}},"loc":{"start":{"line":105,"column":45},"end":{"line":105,"column":64}},"line":105},"3":{"name":"resolvefinding","decl":{"start":{"line":142,"column":9},"end":{"line":142,"column":null}},"loc":{"start":{"line":145,"column":24},"end":{"line":148,"column":null}},"line":145}},"branchMap":{"0":{"loc":{"start":{"line":59,"column":15},"end":{"line":59,"column":50}},"type":"default-arg","locations":[{"start":{"line":59,"column":28},"end":{"line":59,"column":50}}],"line":59},"1":{"loc":{"start":{"line":64,"column":20},"end":{"line":66,"column":null}},"type":"cond-expr","locations":[{"start":{"line":65,"column":6},"end":{"line":65,"column":null}},{"start":{"line":66,"column":6},"end":{"line":66,"column":null}}],"line":64},"2":{"loc":{"start":{"line":71,"column":19},"end":{"line":81,"column":null}},"type":"cond-expr","locations":[{"start":{"line":72,"column":6},"end":{"line":76,"column":null}},{"start":{"line":77,"column":6},"end":{"line":81,"column":null}}],"line":71},"3":{"loc":{"start":{"line":94,"column":2},"end":{"line":127,"column":null}},"type":"if","locations":[{"start":{"line":94,"column":2},"end":{"line":127,"column":null}},{"start":{"line":125,"column":9},"end":{"line":127,"column":null}}],"line":94},"4":{"loc":{"start":{"line":96,"column":15},"end":{"line":98,"column":null}},"type":"cond-expr","locations":[{"start":{"line":96,"column":15},"end":{"line":97,"column":null}},{"start":{"line":97,"column":69},"end":{"line":98,"column":null}}],"line":96},"5":{"loc":{"start":{"line":103,"column":4},"end":{"line":124,"column":null}},"type":"if","locations":[{"start":{"line":103,"column":4},"end":{"line":124,"column":null}},{"start":{},"end":{}}],"line":103},"6":{"loc":{"start":{"line":106,"column":6},"end":{"line":123,"column":null}},"type":"if","locations":[{"start":{"line":106,"column":6},"end":{"line":123,"column":null}},{"start":{"line":121,"column":13},"end":{"line":123,"column":null}}],"line":106},"7":{"loc":{"start":{"line":113,"column":53},"end":{"line":113,"column":82}},"type":"binary-expr","locations":[{"start":{"line":113,"column":53},"end":{"line":113,"column":71}},{"start":{"line":113,"column":71},"end":{"line":113,"column":82}}],"line":113},"8":{"loc":{"start":{"line":134,"column":13},"end":{"line":134,"column":null}},"type":"cond-expr","locations":[{"start":{"line":134,"column":34},"end":{"line":134,"column":44}},{"start":{"line":134,"column":44},"end":{"line":134,"column":null}}],"line":134},"9":{"loc":{"start":{"line":146,"column":2},"end":{"line":146,"column":null}},"type":"if","locations":[{"start":{"line":146,"column":2},"end":{"line":146,"column":null}},{"start":{},"end":{}}],"line":146},"10":{"loc":{"start":{"line":147,"column":9},"end":{"line":147,"column":null}},"type":"binary-expr","locations":[{"start":{"line":147,"column":9},"end":{"line":147,"column":41}},{"start":{"line":147,"column":41},"end":{"line":147,"column":null}}],"line":147}},"s":{"0":2,"1":2,"2":2,"3":2,"4":0,"5":12,"6":12,"7":12,"8":12,"9":12,"10":12,"11":12,"12":12,"13":12,"14":12,"15":8,"16":8,"17":8,"18":8,"19":5,"20":5,"21":5,"22":5,"23":5,"24":5,"25":5,"26":5,"27":0,"28":4,"29":12,"30":12,"31":12,"32":12,"33":0,"34":12},"f":{"0":2,"1":12,"2":5,"3":12},"b":{"0":[12],"1":[12,0],"2":[12,0],"3":[8,4],"4":[8,0],"5":[5,3],"6":[5,0],"7":[5,0],"8":[8,4],"9":[0,12],"10":[12,0]},"meta":{"lastBranch":11,"lastFunction":4,"lastStatement":35,"seen":{"f:32:15:32:33":0,"s:33:8:33:Infinity":0,"s:34:8:34:Infinity":1,"s:35:2:39:Infinity":2,"s:36:4:36:Infinity":3,"s:38:4:38:Infinity":4,"f:53:22:53:Infinity":1,"s:58:68:58:Infinity":5,"s:59:50:59:Infinity":6,"b:59:28:59:50":0,"s:62:17:62:Infinity":7,"s:63:18:63:Infinity":8,"s:64:20:66:Infinity":9,"b:65:6:65:Infinity:66:6:66:Infinity":1,"s:68:2:68:Infinity":10,"s:71:19:81:Infinity":11,"b:72:6:76:Infinity:77:6:81:Infinity":2,"s:83:23:89:Infinity":12,"s:91:30:91:Infinity":13,"b:94:2:127:Infinity:125:9:127:Infinity":3,"s:94:2:127:Infinity":14,"s:96:15:98:Infinity":15,"b:96:15:97:Infinity:97:69:98:Infinity":4,"s:99:4:99:Infinity":16,"s:100:4:100:Infinity":17,"b:103:4:124:Infinity:undefined:undefined:undefined:undefined":5,"s:103:4:124:Infinity":18,"s:104:24:104:Infinity":19,"s:105:23:105:Infinity":20,"f:105:33:105:39":2,"s:105:45:105:64":21,"b:106:6:123:Infinity:121:13:123:Infinity":6,"s:106:6:123:Infinity":22,"s:107:32:117:Infinity":23,"b:113:53:113:71:113:71:113:82":7,"s:118:8:118:Infinity":24,"s:119:8:119:Infinity":25,"s:120:8:120:Infinity":26,"s:122:8:122:Infinity":27,"s:126:4:126:Infinity":28,"s:130:33:137:Infinity":29,"b:134:34:134:44:134:44:134:Infinity":8,"s:138:2:138:Infinity":30,"s:139:2:139:Infinity":31,"f:142:9:142:Infinity":3,"b:146:2:146:Infinity:undefined:undefined:undefined:undefined":9,"s:146:2:146:Infinity":32,"s:146:15:146:Infinity":33,"s:147:2:147:Infinity":34,"b:147:9:147:41:147:41:147:Infinity":10},"fnNames":{}}}
,"/Users/go/work/github/loop-e2e/src/cli/commands/init.ts": {"path":"/Users/go/work/github/loop-e2e/src/cli/commands/init.ts","statementMap":{"0":{"start":{"line":26,"column":25},"end":{"line":26,"column":null}},"1":{"start":{"line":28,"column":2},"end":{"line":32,"column":null}},"2":{"start":{"line":29,"column":4},"end":{"line":31,"column":null}},"3":{"start":{"line":30,"column":6},"end":{"line":30,"column":null}},"4":{"start":{"line":34,"column":2},"end":{"line":41,"column":null}},"5":{"start":{"line":35,"column":4},"end":{"line":37,"column":null}},"6":{"start":{"line":36,"column":6},"end":{"line":36,"column":null}},"7":{"start":{"line":38,"column":4},"end":{"line":40,"column":null}},"8":{"start":{"line":39,"column":6},"end":{"line":39,"column":null}},"9":{"start":{"line":43,"column":2},"end":{"line":43,"column":null}},"10":{"start":{"line":43,"column":25},"end":{"line":43,"column":32}},"11":{"start":{"line":48,"column":16},"end":{"line":48,"column":null}},"12":{"start":{"line":49,"column":2},"end":{"line":51,"column":null}},"13":{"start":{"line":50,"column":4},"end":{"line":50,"column":null}},"14":{"start":{"line":52,"column":2},"end":{"line":52,"column":null}},"15":{"start":{"line":57,"column":24},"end":{"line":57,"column":null}},"16":{"start":{"line":58,"column":18},"end":{"line":58,"column":null}},"17":{"start":{"line":58,"column":44},"end":{"line":58,"column":73}},"18":{"start":{"line":59,"column":2},"end":{"line":61,"column":null}},"19":{"start":{"line":60,"column":4},"end":{"line":60,"column":null}},"20":{"start":{"line":62,"column":15},"end":{"line":62,"column":null}},"21":{"start":{"line":63,"column":2},"end":{"line":63,"column":null}},"22":{"start":{"line":67,"column":2},"end":{"line":125,"column":null}},"23":{"start":{"line":68,"column":4},"end":{"line":68,"column":null}},"24":{"start":{"line":70,"column":19},"end":{"line":70,"column":null}},"25":{"start":{"line":73,"column":4},"end":{"line":73,"column":null}},"26":{"start":{"line":74,"column":4},"end":{"line":74,"column":null}},"27":{"start":{"line":77,"column":10},"end":{"line":77,"column":null}},"28":{"start":{"line":78,"column":4},"end":{"line":78,"column":null}},"29":{"start":{"line":79,"column":4},"end":{"line":79,"column":null}},"30":{"start":{"line":82,"column":10},"end":{"line":82,"column":null}},"31":{"start":{"line":83,"column":4},"end":{"line":83,"column":null}},"32":{"start":{"line":85,"column":4},"end":{"line":87,"column":null}},"33":{"start":{"line":86,"column":6},"end":{"line":86,"column":null}},"34":{"start":{"line":88,"column":4},"end":{"line":88,"column":null}},"35":{"start":{"line":91,"column":10},"end":{"line":91,"column":null}},"36":{"start":{"line":92,"column":26},"end":{"line":92,"column":null}},"37":{"start":{"line":94,"column":4},"end":{"line":100,"column":null}},"38":{"start":{"line":95,"column":23},"end":{"line":95,"column":null}},"39":{"start":{"line":96,"column":6},"end":{"line":96,"column":null}},"40":{"start":{"line":99,"column":6},"end":{"line":99,"column":null}},"41":{"start":{"line":101,"column":4},"end":{"line":101,"column":null}},"42":{"start":{"line":102,"column":4},"end":{"line":102,"column":null}},"43":{"start":{"line":105,"column":25},"end":{"line":105,"column":null}},"44":{"start":{"line":106,"column":4},"end":{"line":119,"column":null}},"45":{"start":{"line":107,"column":6},"end":{"line":109,"column":null}},"46":{"start":{"line":108,"column":8},"end":{"line":108,"column":null}},"47":{"start":{"line":111,"column":6},"end":{"line":118,"column":null}},"48":{"start":{"line":112,"column":14},"end":{"line":112,"column":null}},"49":{"start":{"line":113,"column":8},"end":{"line":117,"column":null}},"50":{"start":{"line":121,"column":4},"end":{"line":121,"column":null}},"51":{"start":{"line":123,"column":20},"end":{"line":123,"column":null}},"52":{"start":{"line":124,"column":4},"end":{"line":124,"column":null}}},"fnMap":{"0":{"name":"buildEnvExample","decl":{"start":{"line":25,"column":9},"end":{"line":25,"column":25}},"loc":{"start":{"line":25,"column":49},"end":{"line":44,"column":null}},"line":25},"1":{"name":"(anonymous_1)","decl":{"start":{"line":43,"column":14},"end":{"line":43,"column":19}},"loc":{"start":{"line":43,"column":25},"end":{"line":43,"column":32}},"line":43},"2":{"name":"buildGitignore","decl":{"start":{"line":47,"column":9},"end":{"line":47,"column":24}},"loc":{"start":{"line":47,"column":50},"end":{"line":53,"column":null}},"line":47},"3":{"name":"mergeGitignore","decl":{"start":{"line":56,"column":9},"end":{"line":56,"column":24}},"loc":{"start":{"line":56,"column":70},"end":{"line":64,"column":null}},"line":56},"4":{"name":"(anonymous_4)","decl":{"start":{"line":58,"column":27},"end":{"line":58,"column":35}},"loc":{"start":{"line":58,"column":44},"end":{"line":58,"column":73}},"line":58},"5":{"name":"runInit","decl":{"start":{"line":66,"column":22},"end":{"line":66,"column":30}},"loc":{"start":{"line":66,"column":91},"end":{"line":126,"column":null}},"line":66}},"branchMap":{"0":{"loc":{"start":{"line":29,"column":4},"end":{"line":31,"column":null}},"type":"if","locations":[{"start":{"line":29,"column":4},"end":{"line":31,"column":null}},{"start":{},"end":{}}],"line":29},"1":{"loc":{"start":{"line":35,"column":4},"end":{"line":37,"column":null}},"type":"if","locations":[{"start":{"line":35,"column":4},"end":{"line":37,"column":null}},{"start":{},"end":{}}],"line":35},"2":{"loc":{"start":{"line":35,"column":8},"end":{"line":35,"column":77}},"type":"binary-expr","locations":[{"start":{"line":35,"column":8},"end":{"line":35,"column":36}},{"start":{"line":35,"column":36},"end":{"line":35,"column":77}}],"line":35},"3":{"loc":{"start":{"line":38,"column":4},"end":{"line":40,"column":null}},"type":"if","locations":[{"start":{"line":38,"column":4},"end":{"line":40,"column":null}},{"start":{},"end":{}}],"line":38},"4":{"loc":{"start":{"line":38,"column":8},"end":{"line":38,"column":77}},"type":"binary-expr","locations":[{"start":{"line":38,"column":8},"end":{"line":38,"column":36}},{"start":{"line":38,"column":36},"end":{"line":38,"column":77}}],"line":38},"5":{"loc":{"start":{"line":49,"column":2},"end":{"line":51,"column":null}},"type":"if","locations":[{"start":{"line":49,"column":2},"end":{"line":51,"column":null}},{"start":{},"end":{}}],"line":49},"6":{"loc":{"start":{"line":59,"column":2},"end":{"line":61,"column":null}},"type":"if","locations":[{"start":{"line":59,"column":2},"end":{"line":61,"column":null}},{"start":{},"end":{}}],"line":59},"7":{"loc":{"start":{"line":62,"column":15},"end":{"line":62,"column":null}},"type":"cond-expr","locations":[{"start":{"line":62,"column":41},"end":{"line":62,"column":52}},{"start":{"line":62,"column":52},"end":{"line":62,"column":null}}],"line":62},"8":{"loc":{"start":{"line":105,"column":25},"end":{"line":105,"column":null}},"type":"binary-expr","locations":[{"start":{"line":105,"column":25},"end":{"line":105,"column":46}},{"start":{"line":105,"column":46},"end":{"line":105,"column":null}}],"line":105},"9":{"loc":{"start":{"line":106,"column":4},"end":{"line":119,"column":null}},"type":"if","locations":[{"start":{"line":106,"column":4},"end":{"line":119,"column":null}},{"start":{"line":110,"column":11},"end":{"line":119,"column":null}}],"line":106},"10":{"loc":{"start":{"line":107,"column":6},"end":{"line":109,"column":null}},"type":"if","locations":[{"start":{"line":107,"column":6},"end":{"line":109,"column":null}},{"start":{},"end":{}}],"line":107},"11":{"loc":{"start":{"line":123,"column":20},"end":{"line":123,"column":null}},"type":"cond-expr","locations":[{"start":{"line":123,"column":45},"end":{"line":123,"column":61}},{"start":{"line":123,"column":61},"end":{"line":123,"column":null}}],"line":123}},"s":{"0":14,"1":14,"2":14,"3":14,"4":14,"5":14,"6":14,"7":14,"8":14,"9":14,"10":70,"11":14,"12":14,"13":1,"14":14,"15":3,"16":3,"17":6,"18":3,"19":2,"20":1,"21":3,"22":14,"23":14,"24":14,"25":14,"26":14,"27":14,"28":14,"29":14,"30":14,"31":14,"32":14,"33":56,"34":14,"35":14,"36":14,"37":14,"38":14,"39":3,"40":11,"41":14,"42":14,"43":14,"44":14,"45":2,"46":2,"47":12,"48":24,"49":24,"50":14,"51":0,"52":0},"f":{"0":14,"1":70,"2":14,"3":3,"4":6,"5":14},"b":{"0":[14,0],"1":[14,0],"2":[14,14],"3":[14,0],"4":[14,14],"5":[1,13],"6":[2,1],"7":[1,0],"8":[14,2],"9":[2,12],"10":[2,0],"11":[0,0]},"meta":{"lastBranch":12,"lastFunction":6,"lastStatement":53,"seen":{"f:25:9:25:25":0,"s:26:25:26:Infinity":0,"s:28:2:32:Infinity":1,"b:29:4:31:Infinity:undefined:undefined:undefined:undefined":0,"s:29:4:31:Infinity":2,"s:30:6:30:Infinity":3,"s:34:2:41:Infinity":4,"b:35:4:37:Infinity:undefined:undefined:undefined:undefined":1,"s:35:4:37:Infinity":5,"b:35:8:35:36:35:36:35:77":2,"s:36:6:36:Infinity":6,"b:38:4:40:Infinity:undefined:undefined:undefined:undefined":3,"s:38:4:40:Infinity":7,"b:38:8:38:36:38:36:38:77":4,"s:39:6:39:Infinity":8,"s:43:2:43:Infinity":9,"f:43:14:43:19":1,"s:43:25:43:32":10,"f:47:9:47:24":2,"s:48:16:48:Infinity":11,"b:49:2:51:Infinity:undefined:undefined:undefined:undefined":5,"s:49:2:51:Infinity":12,"s:50:4:50:Infinity":13,"s:52:2:52:Infinity":14,"f:56:9:56:24":3,"s:57:24:57:Infinity":15,"s:58:18:58:Infinity":16,"f:58:27:58:35":4,"s:58:44:58:73":17,"b:59:2:61:Infinity:undefined:undefined:undefined:undefined":6,"s:59:2:61:Infinity":18,"s:60:4:60:Infinity":19,"s:62:15:62:Infinity":20,"b:62:41:62:52:62:52:62:Infinity":7,"s:63:2:63:Infinity":21,"f:66:22:66:30":5,"s:67:2:125:Infinity":22,"s:68:4:68:Infinity":23,"s:70:19:70:Infinity":24,"s:73:4:73:Infinity":25,"s:74:4:74:Infinity":26,"s:77:10:77:Infinity":27,"s:78:4:78:Infinity":28,"s:79:4:79:Infinity":29,"s:82:10:82:Infinity":30,"s:83:4:83:Infinity":31,"s:85:4:87:Infinity":32,"s:86:6:86:Infinity":33,"s:88:4:88:Infinity":34,"s:91:10:91:Infinity":35,"s:92:26:92:Infinity":36,"s:94:4:100:Infinity":37,"s:95:23:95:Infinity":38,"s:96:6:96:Infinity":39,"s:99:6:99:Infinity":40,"s:101:4:101:Infinity":41,"s:102:4:102:Infinity":42,"s:105:25:105:Infinity":43,"b:105:25:105:46:105:46:105:Infinity":8,"b:106:4:119:Infinity:110:11:119:Infinity":9,"s:106:4:119:Infinity":44,"b:107:6:109:Infinity:undefined:undefined:undefined:undefined":10,"s:107:6:109:Infinity":45,"s:108:8:108:Infinity":46,"s:111:6:118:Infinity":47,"s:112:14:112:Infinity":48,"s:113:8:117:Infinity":49,"s:121:4:121:Infinity":50,"s:123:20:123:Infinity":51,"b:123:45:123:61:123:61:123:Infinity":11,"s:124:4:124:Infinity":52},"fnNames":{}}}
,"/Users/go/work/github/loop-e2e/src/cli/commands/run.ts": {"path":"/Users/go/work/github/loop-e2e/src/cli/commands/run.ts","statementMap":{"0":{"start":{"line":43,"column":2},"end":{"line":47,"column":null}},"1":{"start":{"line":50,"column":31},"end":{"line":54,"column":null}},"2":{"start":{"line":62,"column":89},"end":{"line":62,"column":null}},"3":{"start":{"line":63,"column":16},"end":{"line":63,"column":null}},"4":{"start":{"line":67,"column":26},"end":{"line":88,"column":null}},"5":{"start":{"line":91,"column":29},"end":{"line":91,"column":null}},"6":{"start":{"line":94,"column":33},"end":{"line":94,"column":null}},"7":{"start":{"line":95,"column":26},"end":{"line":95,"column":null}},"8":{"start":{"line":96,"column":66},"end":{"line":96,"column":null}},"9":{"start":{"line":97,"column":2},"end":{"line":105,"column":null}},"10":{"start":{"line":98,"column":19},"end":{"line":98,"column":null}},"11":{"start":{"line":99,"column":4},"end":{"line":99,"column":null}},"12":{"start":{"line":100,"column":4},"end":{"line":100,"column":null}},"13":{"start":{"line":102,"column":4},"end":{"line":102,"column":null}},"14":{"start":{"line":104,"column":4},"end":{"line":104,"column":null}},"15":{"start":{"line":108,"column":36},"end":{"line":108,"column":null}},"16":{"start":{"line":109,"column":2},"end":{"line":118,"column":null}},"17":{"start":{"line":110,"column":4},"end":{"line":115,"column":null}},"18":{"start":{"line":117,"column":4},"end":{"line":117,"column":null}},"19":{"start":{"line":121,"column":40},"end":{"line":121,"column":null}},"20":{"start":{"line":122,"column":2},"end":{"line":133,"column":null}},"21":{"start":{"line":123,"column":4},"end":{"line":130,"column":null}},"22":{"start":{"line":132,"column":4},"end":{"line":132,"column":null}},"23":{"start":{"line":136,"column":2},"end":{"line":160,"column":null}},"24":{"start":{"line":137,"column":4},"end":{"line":157,"column":null}},"25":{"start":{"line":143,"column":31},"end":{"line":150,"column":null}},"26":{"start":{"line":159,"column":4},"end":{"line":159,"column":null}}},"fnMap":{"0":{"name":"makeEmptyStructure","decl":{"start":{"line":42,"column":9},"end":{"line":42,"column":45}},"loc":{"start":{"line":42,"column":45},"end":{"line":48,"column":null}},"line":42},"1":{"name":"runRun","decl":{"start":{"line":61,"column":22},"end":{"line":61,"column":29}},"loc":{"start":{"line":61,"column":89},"end":{"line":161,"column":null}},"line":61},"2":{"name":"(anonymous_2)","decl":{"start":{"line":143,"column":18},"end":{"line":143,"column":31}},"loc":{"start":{"line":143,"column":31},"end":{"line":150,"column":null}},"line":143},"3":{"name":"(anonymous_3)","decl":{"start":{"line":151,"column":19},"end":{"line":151,"column":31}},"loc":{"start":{"line":151,"column":31},"end":{"line":151,"column":null}},"line":151},"4":{"name":"(anonymous_4)","decl":{"start":{"line":153,"column":22},"end":{"line":153,"column":34}},"loc":{"start":{"line":153,"column":34},"end":{"line":153,"column":null}},"line":153}},"branchMap":{"0":{"loc":{"start":{"line":63,"column":16},"end":{"line":63,"column":null}},"type":"cond-expr","locations":[{"start":{"line":63,"column":24},"end":{"line":63,"column":34}},{"start":{"line":63,"column":34},"end":{"line":63,"column":null}}],"line":63},"1":{"loc":{"start":{"line":67,"column":26},"end":{"line":88,"column":null}},"type":"binary-expr","locations":[{"start":{"line":67,"column":26},"end":{"line":67,"column":41}},{"start":{"line":67,"column":41},"end":{"line":88,"column":null}}],"line":67},"2":{"loc":{"start":{"line":96,"column":66},"end":{"line":96,"column":null}},"type":"binary-expr","locations":[{"start":{"line":96,"column":66},"end":{"line":96,"column":80}},{"start":{"line":96,"column":80},"end":{"line":96,"column":null}}],"line":96},"3":{"loc":{"start":{"line":102,"column":21},"end":{"line":102,"column":null}},"type":"cond-expr","locations":[{"start":{"line":102,"column":50},"end":{"line":102,"column":69}},{"start":{"line":102,"column":69},"end":{"line":102,"column":null}}],"line":102},"4":{"loc":{"start":{"line":102,"column":69},"end":{"line":102,"column":null}},"type":"binary-expr","locations":[{"start":{"line":102,"column":69},"end":{"line":102,"column":83}},{"start":{"line":102,"column":83},"end":{"line":102,"column":null}}],"line":102},"5":{"loc":{"start":{"line":126,"column":17},"end":{"line":126,"column":null}},"type":"binary-expr","locations":[{"start":{"line":126,"column":17},"end":{"line":126,"column":35}},{"start":{"line":126,"column":35},"end":{"line":126,"column":null}}],"line":126}},"s":{"0":8,"1":2,"2":8,"3":8,"4":8,"5":8,"6":8,"7":8,"8":8,"9":8,"10":8,"11":7,"12":7,"13":7,"14":1,"15":8,"16":8,"17":8,"18":1,"19":8,"20":8,"21":8,"22":1,"23":8,"24":8,"25":0,"26":0},"f":{"0":8,"1":8,"2":0,"3":0,"4":0},"b":{"0":[8,0],"1":[8,8],"2":[8,8],"3":[2,5],"4":[5,5],"5":[8,8]},"meta":{"lastBranch":6,"lastFunction":5,"lastStatement":27,"seen":{"f:42:9:42:45":0,"s:43:2:47:Infinity":0,"s:50:31:54:Infinity":1,"f:61:22:61:29":1,"s:62:89:62:Infinity":2,"s:63:16:63:Infinity":3,"b:63:24:63:34:63:34:63:Infinity":0,"s:67:26:88:Infinity":4,"b:67:26:67:41:67:41:88:Infinity":1,"s:91:29:91:Infinity":5,"s:94:33:94:Infinity":6,"s:95:26:95:Infinity":7,"s:96:66:96:Infinity":8,"b:96:66:96:80:96:80:96:Infinity":2,"s:97:2:105:Infinity":9,"s:98:19:98:Infinity":10,"s:99:4:99:Infinity":11,"s:100:4:100:Infinity":12,"s:102:4:102:Infinity":13,"b:102:50:102:69:102:69:102:Infinity":3,"b:102:69:102:83:102:83:102:Infinity":4,"s:104:4:104:Infinity":14,"s:108:36:108:Infinity":15,"s:109:2:118:Infinity":16,"s:110:4:115:Infinity":17,"s:117:4:117:Infinity":18,"s:121:40:121:Infinity":19,"s:122:2:133:Infinity":20,"s:123:4:130:Infinity":21,"b:126:17:126:35:126:35:126:Infinity":5,"s:132:4:132:Infinity":22,"s:136:2:160:Infinity":23,"s:137:4:157:Infinity":24,"f:143:18:143:31":2,"s:143:31:150:Infinity":25,"f:151:19:151:31":3,"f:153:22:153:34":4,"s:159:4:159:Infinity":26},"fnNames":{}}}
,"/Users/go/work/github/loop-e2e/src/cli/commands/scenario.ts": {"path":"/Users/go/work/github/loop-e2e/src/cli/commands/scenario.ts","statementMap":{"0":{"start":{"line":45,"column":30},"end":{"line":45,"column":null}},"1":{"start":{"line":48,"column":4},"end":{"line":48,"column":null}},"2":{"start":{"line":50,"column":18},"end":{"line":50,"column":null}},"3":{"start":{"line":51,"column":19},"end":{"line":51,"column":null}},"4":{"start":{"line":52,"column":18},"end":{"line":52,"column":null}},"5":{"start":{"line":54,"column":19},"end":{"line":62,"column":null}},"6":{"start":{"line":64,"column":20},"end":{"line":64,"column":null}},"7":{"start":{"line":65,"column":2},"end":{"line":65,"column":null}},"8":{"start":{"line":67,"column":19},"end":{"line":67,"column":null}},"9":{"start":{"line":68,"column":23},"end":{"line":68,"column":null}},"10":{"start":{"line":68,"column":51},"end":{"line":68,"column":60}},"11":{"start":{"line":70,"column":2},"end":{"line":87,"column":null}},"12":{"start":{"line":71,"column":17},"end":{"line":71,"column":null}},"13":{"start":{"line":72,"column":4},"end":{"line":84,"column":null}},"14":{"start":{"line":73,"column":22},"end":{"line":73,"column":null}},"15":{"start":{"line":74,"column":6},"end":{"line":77,"column":null}},"16":{"start":{"line":75,"column":8},"end":{"line":75,"column":null}},"17":{"start":{"line":76,"column":8},"end":{"line":76,"column":null}},"18":{"start":{"line":78,"column":19},"end":{"line":78,"column":null}},"19":{"start":{"line":79,"column":17},"end":{"line":79,"column":null}},"20":{"start":{"line":80,"column":6},"end":{"line":83,"column":null}},"21":{"start":{"line":81,"column":8},"end":{"line":81,"column":null}},"22":{"start":{"line":82,"column":8},"end":{"line":82,"column":null}},"23":{"start":{"line":85,"column":4},"end":{"line":85,"column":null}},"24":{"start":{"line":86,"column":4},"end":{"line":86,"column":null}},"25":{"start":{"line":89,"column":2},"end":{"line":89,"column":null}},"26":{"start":{"line":94,"column":19},"end":{"line":94,"column":null}},"27":{"start":{"line":95,"column":19},"end":{"line":95,"column":null}},"28":{"start":{"line":96,"column":20},"end":{"line":96,"column":null}},"29":{"start":{"line":97,"column":20},"end":{"line":97,"column":null}},"30":{"start":{"line":98,"column":17},"end":{"line":98,"column":null}},"31":{"start":{"line":99,"column":30},"end":{"line":99,"column":null}},"32":{"start":{"line":100,"column":2},"end":{"line":107,"column":null}},"33":{"start":{"line":100,"column":15},"end":{"line":100,"column":18}},"34":{"start":{"line":101,"column":14},"end":{"line":101,"column":null}},"35":{"start":{"line":102,"column":14},"end":{"line":102,"column":null}},"36":{"start":{"line":103,"column":4},"end":{"line":106,"column":null}},"37":{"start":{"line":104,"column":6},"end":{"line":104,"column":null}},"38":{"start":{"line":104,"column":13},"end":{"line":104,"column":null}},"39":{"start":{"line":105,"column":6},"end":{"line":105,"column":null}},"40":{"start":{"line":105,"column":13},"end":{"line":105,"column":null}},"41":{"start":{"line":108,"column":2},"end":{"line":108,"column":null}},"42":{"start":{"line":112,"column":2},"end":{"line":112,"column":null}},"43":{"start":{"line":113,"column":2},"end":{"line":117,"column":null}},"44":{"start":{"line":114,"column":4},"end":{"line":116,"column":null}},"45":{"start":{"line":115,"column":6},"end":{"line":115,"column":null}}},"fnMap":{"0":{"name":"runScenario","decl":{"start":{"line":40,"column":22},"end":{"line":40,"column":null}},"loc":{"start":{"line":44,"column":17},"end":{"line":90,"column":null}},"line":44},"1":{"name":"(anonymous_1)","decl":{"start":{"line":68,"column":40},"end":{"line":68,"column":45}},"loc":{"start":{"line":68,"column":51},"end":{"line":68,"column":60}},"line":68},"2":{"name":"buildDiff","decl":{"start":{"line":93,"column":9},"end":{"line":93,"column":19}},"loc":{"start":{"line":93,"column":59},"end":{"line":109,"column":null}},"line":93},"3":{"name":"defaultConfirm","decl":{"start":{"line":111,"column":15},"end":{"line":111,"column":30}},"loc":{"start":{"line":111,"column":65},"end":{"line":118,"column":null}},"line":111},"4":{"name":"(anonymous_4)","decl":{"start":{"line":113,"column":13},"end":{"line":113,"column":22}},"loc":{"start":{"line":113,"column":34},"end":{"line":117,"column":3}},"line":113},"5":{"name":"(anonymous_5)","decl":{"start":{"line":114,"column":23},"end":{"line":114,"column":32}},"loc":{"start":{"line":114,"column":38},"end":{"line":116,"column":5}},"line":114}},"branchMap":{"0":{"loc":{"start":{"line":43,"column":2},"end":{"line":43,"column":null}},"type":"default-arg","locations":[{"start":{"line":43,"column":23},"end":{"line":43,"column":null}}],"line":43},"1":{"loc":{"start":{"line":48,"column":4},"end":{"line":48,"column":null}},"type":"binary-expr","locations":[{"start":{"line":48,"column":4},"end":{"line":48,"column":16}},{"start":{"line":48,"column":9},"end":{"line":48,"column":null}}],"line":48},"2":{"loc":{"start":{"line":50,"column":18},"end":{"line":50,"column":null}},"type":"binary-expr","locations":[{"start":{"line":50,"column":18},"end":{"line":50,"column":46}},{"start":{"line":50,"column":46},"end":{"line":50,"column":null}}],"line":50},"3":{"loc":{"start":{"line":51,"column":19},"end":{"line":51,"column":null}},"type":"binary-expr","locations":[{"start":{"line":51,"column":19},"end":{"line":51,"column":45}},{"start":{"line":51,"column":45},"end":{"line":51,"column":null}}],"line":51},"4":{"loc":{"start":{"line":52,"column":18},"end":{"line":52,"column":null}},"type":"binary-expr","locations":[{"start":{"line":52,"column":18},"end":{"line":52,"column":34}},{"start":{"line":52,"column":34},"end":{"line":52,"column":null}}],"line":52},"5":{"loc":{"start":{"line":72,"column":4},"end":{"line":84,"column":null}},"type":"if","locations":[{"start":{"line":72,"column":4},"end":{"line":84,"column":null}},{"start":{},"end":{}}],"line":72},"6":{"loc":{"start":{"line":74,"column":6},"end":{"line":77,"column":null}},"type":"if","locations":[{"start":{"line":74,"column":6},"end":{"line":77,"column":null}},{"start":{},"end":{}}],"line":74},"7":{"loc":{"start":{"line":80,"column":6},"end":{"line":83,"column":null}},"type":"if","locations":[{"start":{"line":80,"column":6},"end":{"line":83,"column":null}},{"start":{},"end":{}}],"line":80},"8":{"loc":{"start":{"line":101,"column":14},"end":{"line":101,"column":null}},"type":"binary-expr","locations":[{"start":{"line":101,"column":14},"end":{"line":101,"column":30}},{"start":{"line":101,"column":30},"end":{"line":101,"column":null}}],"line":101},"9":{"loc":{"start":{"line":102,"column":14},"end":{"line":102,"column":null}},"type":"binary-expr","locations":[{"start":{"line":102,"column":14},"end":{"line":102,"column":30}},{"start":{"line":102,"column":30},"end":{"line":102,"column":null}}],"line":102},"10":{"loc":{"start":{"line":103,"column":4},"end":{"line":106,"column":null}},"type":"if","locations":[{"start":{"line":103,"column":4},"end":{"line":106,"column":null}},{"start":{},"end":{}}],"line":103},"11":{"loc":{"start":{"line":104,"column":6},"end":{"line":104,"column":null}},"type":"if","locations":[{"start":{"line":104,"column":6},"end":{"line":104,"column":null}},{"start":{},"end":{}}],"line":104},"12":{"loc":{"start":{"line":105,"column":6},"end":{"line":105,"column":null}},"type":"if","locations":[{"start":{"line":105,"column":6},"end":{"line":105,"column":null}},{"start":{},"end":{}}],"line":105},"13":{"loc":{"start":{"line":108,"column":9},"end":{"line":108,"column":null}},"type":"cond-expr","locations":[{"start":{"line":108,"column":32},"end":{"line":108,"column":55}},{"start":{"line":108,"column":55},"end":{"line":108,"column":null}}],"line":108}},"s":{"0":6,"1":6,"2":6,"3":6,"4":6,"5":6,"6":6,"7":6,"8":6,"9":6,"10":3,"11":6,"12":11,"13":11,"14":3,"15":3,"16":1,"17":1,"18":2,"19":2,"20":2,"21":1,"22":1,"23":9,"24":9,"25":6,"26":2,"27":2,"28":2,"29":2,"30":2,"31":2,"32":2,"33":2,"34":52,"35":52,"36":52,"37":2,"38":2,"39":2,"40":2,"41":2,"42":0,"43":0,"44":0,"45":0},"f":{"0":6,"1":3,"2":2,"3":0,"4":0,"5":0},"b":{"0":[6],"1":[6,0],"2":[6,0],"3":[6,0],"4":[6,0],"5":[3,8],"6":[1,2],"7":[1,1],"8":[52,0],"9":[52,0],"10":[2,50],"11":[2,0],"12":[2,0],"13":[2,0]},"meta":{"lastBranch":14,"lastFunction":6,"lastStatement":46,"seen":{"f:40:22:40:Infinity":0,"b:43:23:43:Infinity":0,"s:45:30:45:Infinity":0,"s:48:4:48:Infinity":1,"b:48:4:48:16:48:9:48:Infinity":1,"s:50:18:50:Infinity":2,"b:50:18:50:46:50:46:50:Infinity":2,"s:51:19:51:Infinity":3,"b:51:19:51:45:51:45:51:Infinity":3,"s:52:18:52:Infinity":4,"b:52:18:52:34:52:34:52:Infinity":4,"s:54:19:62:Infinity":5,"s:64:20:64:Infinity":6,"s:65:2:65:Infinity":7,"s:67:19:67:Infinity":8,"s:68:23:68:Infinity":9,"f:68:40:68:45":1,"s:68:51:68:60":10,"s:70:2:87:Infinity":11,"s:71:17:71:Infinity":12,"b:72:4:84:Infinity:undefined:undefined:undefined:undefined":5,"s:72:4:84:Infinity":13,"s:73:22:73:Infinity":14,"b:74:6:77:Infinity:undefined:undefined:undefined:undefined":6,"s:74:6:77:Infinity":15,"s:75:8:75:Infinity":16,"s:76:8:76:Infinity":17,"s:78:19:78:Infinity":18,"s:79:17:79:Infinity":19,"b:80:6:83:Infinity:undefined:undefined:undefined:undefined":7,"s:80:6:83:Infinity":20,"s:81:8:81:Infinity":21,"s:82:8:82:Infinity":22,"s:85:4:85:Infinity":23,"s:86:4:86:Infinity":24,"s:89:2:89:Infinity":25,"f:93:9:93:19":2,"s:94:19:94:Infinity":26,"s:95:19:95:Infinity":27,"s:96:20:96:Infinity":28,"s:97:20:97:Infinity":29,"s:98:17:98:Infinity":30,"s:99:30:99:Infinity":31,"s:100:2:107:Infinity":32,"s:100:15:100:18":33,"s:101:14:101:Infinity":34,"b:101:14:101:30:101:30:101:Infinity":8,"s:102:14:102:Infinity":35,"b:102:14:102:30:102:30:102:Infinity":9,"b:103:4:106:Infinity:undefined:undefined:undefined:undefined":10,"s:103:4:106:Infinity":36,"b:104:6:104:Infinity:undefined:undefined:undefined:undefined":11,"s:104:6:104:Infinity":37,"s:104:13:104:Infinity":38,"b:105:6:105:Infinity:undefined:undefined:undefined:undefined":12,"s:105:6:105:Infinity":39,"s:105:13:105:Infinity":40,"s:108:2:108:Infinity":41,"b:108:32:108:55:108:55:108:Infinity":13,"f:111:15:111:30":3,"s:112:2:112:Infinity":42,"s:113:2:117:Infinity":43,"f:113:13:113:22":4,"s:114:4:116:Infinity":44,"f:114:23:114:32":5,"s:115:6:115:Infinity":45},"fnNames":{}}}
,"/Users/go/work/github/loop-e2e/src/config/load.ts": {"path":"/Users/go/work/github/loop-e2e/src/config/load.ts","statementMap":{"0":{"start":{"line":9,"column":2},"end":{"line":9,"column":null}},"1":{"start":{"line":11,"column":14},"end":{"line":11,"column":null}},"2":{"start":{"line":12,"column":17},"end":{"line":12,"column":null}},"3":{"start":{"line":15,"column":21},"end":{"line":15,"column":null}},"4":{"start":{"line":15,"column":50},"end":{"line":15,"column":64}},"5":{"start":{"line":18,"column":44},"end":{"line":18,"column":null}},"6":{"start":{"line":19,"column":28},"end":{"line":19,"column":null}},"7":{"start":{"line":21,"column":2},"end":{"line":28,"column":null}},"8":{"start":{"line":22,"column":18},"end":{"line":22,"column":null}},"9":{"start":{"line":23,"column":4},"end":{"line":27,"column":null}},"10":{"start":{"line":24,"column":6},"end":{"line":24,"column":null}},"11":{"start":{"line":26,"column":6},"end":{"line":26,"column":null}},"12":{"start":{"line":31,"column":52},"end":{"line":31,"column":null}},"13":{"start":{"line":33,"column":2},"end":{"line":43,"column":null}},"14":{"start":{"line":34,"column":4},"end":{"line":42,"column":null}},"15":{"start":{"line":35,"column":22},"end":{"line":35,"column":null}},"16":{"start":{"line":36,"column":20},"end":{"line":36,"column":null}},"17":{"start":{"line":37,"column":6},"end":{"line":41,"column":null}},"18":{"start":{"line":38,"column":8},"end":{"line":38,"column":null}},"19":{"start":{"line":40,"column":8},"end":{"line":40,"column":null}},"20":{"start":{"line":46,"column":26},"end":{"line":46,"column":null}},"21":{"start":{"line":47,"column":22},"end":{"line":47,"column":null}},"22":{"start":{"line":49,"column":2},"end":{"line":49,"column":null}},"23":{"start":{"line":49,"column":24},"end":{"line":49,"column":null}},"24":{"start":{"line":50,"column":2},"end":{"line":50,"column":null}},"25":{"start":{"line":50,"column":20},"end":{"line":50,"column":null}},"26":{"start":{"line":52,"column":2},"end":{"line":54,"column":null}},"27":{"start":{"line":53,"column":4},"end":{"line":53,"column":null}},"28":{"start":{"line":56,"column":27},"end":{"line":61,"column":null}},"29":{"start":{"line":63,"column":2},"end":{"line":63,"column":null}}},"fnMap":{"0":{"name":"loadConfig","decl":{"start":{"line":7,"column":22},"end":{"line":7,"column":33}},"loc":{"start":{"line":7,"column":94},"end":{"line":64,"column":null}},"line":7},"1":{"name":"(anonymous_1)","decl":{"start":{"line":15,"column":38},"end":{"line":15,"column":43}},"loc":{"start":{"line":15,"column":50},"end":{"line":15,"column":64}},"line":15}},"branchMap":{"0":{"loc":{"start":{"line":23,"column":4},"end":{"line":27,"column":null}},"type":"if","locations":[{"start":{"line":23,"column":4},"end":{"line":27,"column":null}},{"start":{"line":25,"column":11},"end":{"line":27,"column":null}}],"line":23},"1":{"loc":{"start":{"line":34,"column":4},"end":{"line":42,"column":null}},"type":"if","locations":[{"start":{"line":34,"column":4},"end":{"line":42,"column":null}},{"start":{},"end":{}}],"line":34},"2":{"loc":{"start":{"line":37,"column":6},"end":{"line":41,"column":null}},"type":"if","locations":[{"start":{"line":37,"column":6},"end":{"line":41,"column":null}},{"start":{"line":39,"column":13},"end":{"line":41,"column":null}}],"line":37},"3":{"loc":{"start":{"line":49,"column":2},"end":{"line":49,"column":null}},"type":"if","locations":[{"start":{"line":49,"column":2},"end":{"line":49,"column":null}},{"start":{},"end":{}}],"line":49},"4":{"loc":{"start":{"line":50,"column":2},"end":{"line":50,"column":null}},"type":"if","locations":[{"start":{"line":50,"column":2},"end":{"line":50,"column":null}},{"start":{},"end":{}}],"line":50},"5":{"loc":{"start":{"line":52,"column":2},"end":{"line":54,"column":null}},"type":"if","locations":[{"start":{"line":52,"column":2},"end":{"line":54,"column":null}},{"start":{},"end":{}}],"line":52}},"s":{"0":12,"1":12,"2":12,"3":12,"4":6,"5":12,"6":12,"7":12,"8":6,"9":6,"10":1,"11":5,"12":12,"13":12,"14":18,"15":6,"16":6,"17":6,"18":0,"19":6,"20":12,"21":12,"22":12,"23":2,"24":12,"25":1,"26":12,"27":4,"28":8,"29":8},"f":{"0":12,"1":6},"b":{"0":[1,5],"1":[6,12],"2":[0,6],"3":[2,10],"4":[1,11],"5":[4,8]},"meta":{"lastBranch":6,"lastFunction":2,"lastStatement":30,"seen":{"f:7:22:7:33":0,"s:9:2:9:Infinity":0,"s:11:14:11:Infinity":1,"s:12:17:12:Infinity":2,"s:15:21:15:Infinity":3,"f:15:38:15:43":1,"s:15:50:15:64":4,"s:18:44:18:Infinity":5,"s:19:28:19:Infinity":6,"s:21:2:28:Infinity":7,"s:22:18:22:Infinity":8,"b:23:4:27:Infinity:25:11:27:Infinity":0,"s:23:4:27:Infinity":9,"s:24:6:24:Infinity":10,"s:26:6:26:Infinity":11,"s:31:52:31:Infinity":12,"s:33:2:43:Infinity":13,"b:34:4:42:Infinity:undefined:undefined:undefined:undefined":1,"s:34:4:42:Infinity":14,"s:35:22:35:Infinity":15,"s:36:20:36:Infinity":16,"b:37:6:41:Infinity:39:13:41:Infinity":2,"s:37:6:41:Infinity":17,"s:38:8:38:Infinity":18,"s:40:8:40:Infinity":19,"s:46:26:46:Infinity":20,"s:47:22:47:Infinity":21,"b:49:2:49:Infinity:undefined:undefined:undefined:undefined":3,"s:49:2:49:Infinity":22,"s:49:24:49:Infinity":23,"b:50:2:50:Infinity:undefined:undefined:undefined:undefined":4,"s:50:2:50:Infinity":24,"s:50:20:50:Infinity":25,"b:52:2:54:Infinity:undefined:undefined:undefined:undefined":5,"s:52:2:54:Infinity":26,"s:53:4:53:Infinity":27,"s:56:27:61:Infinity":28,"s:63:2:63:Infinity":29},"fnNames":{}}}
,"/Users/go/work/github/loop-e2e/src/config/save.ts": {"path":"/Users/go/work/github/loop-e2e/src/config/save.ts","statementMap":{"0":{"start":{"line":6,"column":2},"end":{"line":6,"column":null}}},"fnMap":{"0":{"name":"saveConfig","decl":{"start":{"line":5,"column":22},"end":{"line":5,"column":33}},"loc":{"start":{"line":5,"column":78},"end":{"line":7,"column":null}},"line":5}},"branchMap":{},"s":{"0":20},"f":{"0":20},"b":{},"meta":{"lastBranch":0,"lastFunction":1,"lastStatement":1,"seen":{"f:5:22:5:33":0,"s:6:2:6:Infinity":0},"fnNames":{}}}
,"/Users/go/work/github/loop-e2e/src/config/schema.ts": {"path":"/Users/go/work/github/loop-e2e/src/config/schema.ts","statementMap":{"0":{"start":{"line":3,"column":32},"end":{"line":9,"column":null}},"1":{"start":{"line":11,"column":26},"end":{"line":16,"column":null}},"2":{"start":{"line":18,"column":28},"end":{"line":22,"column":null}},"3":{"start":{"line":24,"column":24},"end":{"line":32,"column":null}},"4":{"start":{"line":34,"column":21},"end":{"line":38,"column":null}},"5":{"start":{"line":40,"column":24},"end":{"line":44,"column":null}},"6":{"start":{"line":46,"column":25},"end":{"line":51,"column":null}},"7":{"start":{"line":53,"column":28},"end":{"line":64,"column":null}},"8":{"start":{"line":67,"column":31},"end":{"line":67,"column":null}}},"fnMap":{},"branchMap":{},"s":{"0":4,"1":4,"2":4,"3":4,"4":4,"5":4,"6":4,"7":4,"8":4},"f":{},"b":{},"meta":{"lastBranch":0,"lastFunction":0,"lastStatement":9,"seen":{"s:3:32:9:Infinity":0,"s:11:26:16:Infinity":1,"s:18:28:22:Infinity":2,"s:24:24:32:Infinity":3,"s:34:21:38:Infinity":4,"s:40:24:44:Infinity":5,"s:46:25:51:Infinity":6,"s:53:28:64:Infinity":7,"s:67:31:67:Infinity":8},"fnNames":{}}}
,"/Users/go/work/github/loop-e2e/src/pipeline/collect.ts": {"path":"/Users/go/work/github/loop-e2e/src/pipeline/collect.ts","statementMap":{"0":{"start":{"line":65,"column":34},"end":{"line":65,"column":null}},"1":{"start":{"line":66,"column":72},"end":{"line":66,"column":null}},"2":{"start":{"line":68,"column":4},"end":{"line":68,"column":null}},"3":{"start":{"line":71,"column":45},"end":{"line":75,"column":null}},"4":{"start":{"line":77,"column":21},"end":{"line":77,"column":null}},"5":{"start":{"line":78,"column":2},"end":{"line":78,"column":null}},"6":{"start":{"line":80,"column":28},"end":{"line":84,"column":null}},"7":{"start":{"line":87,"column":23},"end":{"line":87,"column":null}},"8":{"start":{"line":88,"column":28},"end":{"line":103,"column":null}},"9":{"start":{"line":108,"column":30},"end":{"line":110,"column":null}},"10":{"start":{"line":111,"column":2},"end":{"line":111,"column":null}},"11":{"start":{"line":114,"column":28},"end":{"line":116,"column":null}},"12":{"start":{"line":115,"column":26},"end":{"line":115,"column":51}},"13":{"start":{"line":119,"column":35},"end":{"line":123,"column":null}},"14":{"start":{"line":126,"column":2},"end":{"line":126,"column":null}},"15":{"start":{"line":127,"column":2},"end":{"line":127,"column":null}},"16":{"start":{"line":129,"column":2},"end":{"line":132,"column":null}},"17":{"start":{"line":130,"column":4},"end":{"line":130,"column":null}},"18":{"start":{"line":131,"column":4},"end":{"line":131,"column":null}},"19":{"start":{"line":134,"column":2},"end":{"line":134,"column":null}}},"fnMap":{"0":{"name":"collect","decl":{"start":{"line":64,"column":22},"end":{"line":64,"column":30}},"loc":{"start":{"line":64,"column":90},"end":{"line":135,"column":null}},"line":64},"1":{"name":"(anonymous_1)","decl":{"start":{"line":115,"column":13},"end":{"line":115,"column":18}},"loc":{"start":{"line":115,"column":26},"end":{"line":115,"column":51}},"line":115}},"branchMap":{"0":{"loc":{"start":{"line":66,"column":41},"end":{"line":66,"column":57}},"type":"default-arg","locations":[{"start":{"line":66,"column":51},"end":{"line":66,"column":57}}],"line":66},"1":{"loc":{"start":{"line":66,"column":57},"end":{"line":66,"column":72}},"type":"default-arg","locations":[{"start":{"line":66,"column":63},"end":{"line":66,"column":72}}],"line":66},"2":{"loc":{"start":{"line":68,"column":4},"end":{"line":68,"column":null}},"type":"binary-expr","locations":[{"start":{"line":68,"column":4},"end":{"line":68,"column":26}},{"start":{"line":68,"column":26},"end":{"line":68,"column":null}}],"line":68},"3":{"loc":{"start":{"line":91,"column":10},"end":{"line":102,"column":null}},"type":"cond-expr","locations":[{"start":{"line":92,"column":8},"end":{"line":101,"column":null}},{"start":{"line":102,"column":8},"end":{"line":102,"column":null}}],"line":91},"4":{"loc":{"start":{"line":95,"column":20},"end":{"line":97,"column":null}},"type":"cond-expr","locations":[{"start":{"line":96,"column":14},"end":{"line":96,"column":null}},{"start":{"line":97,"column":14},"end":{"line":97,"column":null}}],"line":95},"5":{"loc":{"start":{"line":98,"column":20},"end":{"line":100,"column":null}},"type":"cond-expr","locations":[{"start":{"line":99,"column":14},"end":{"line":99,"column":null}},{"start":{"line":100,"column":14},"end":{"line":100,"column":null}}],"line":98},"6":{"loc":{"start":{"line":108,"column":30},"end":{"line":110,"column":null}},"type":"cond-expr","locations":[{"start":{"line":109,"column":6},"end":{"line":109,"column":null}},{"start":{"line":110,"column":6},"end":{"line":110,"column":null}}],"line":108},"7":{"loc":{"start":{"line":129,"column":2},"end":{"line":132,"column":null}},"type":"if","locations":[{"start":{"line":129,"column":2},"end":{"line":132,"column":null}},{"start":{},"end":{}}],"line":129}},"s":{"0":6,"1":6,"2":6,"3":6,"4":6,"5":6,"6":6,"7":6,"8":6,"9":6,"10":6,"11":6,"12":6,"13":6,"14":6,"15":6,"16":6,"17":5,"18":5,"19":6},"f":{"0":6,"1":6},"b":{"0":[6],"1":[6],"2":[6,6],"3":[0,6],"4":[0,0],"5":[0,0],"6":[5,1],"7":[5,1]},"meta":{"lastBranch":8,"lastFunction":2,"lastStatement":20,"seen":{"f:64:22:64:30":0,"s:65:34:65:Infinity":0,"s:66:72:66:Infinity":1,"b:66:51:66:57":0,"b:66:63:66:72":1,"s:68:4:68:Infinity":2,"b:68:4:68:26:68:26:68:Infinity":2,"s:71:45:75:Infinity":3,"s:77:21:77:Infinity":4,"s:78:2:78:Infinity":5,"s:80:28:84:Infinity":6,"s:87:23:87:Infinity":7,"s:88:28:103:Infinity":8,"b:92:8:101:Infinity:102:8:102:Infinity":3,"b:96:14:96:Infinity:97:14:97:Infinity":4,"b:99:14:99:Infinity:100:14:100:Infinity":5,"s:108:30:110:Infinity":9,"b:109:6:109:Infinity:110:6:110:Infinity":6,"s:111:2:111:Infinity":10,"s:114:28:116:Infinity":11,"f:115:13:115:18":1,"s:115:26:115:51":12,"s:119:35:123:Infinity":13,"s:126:2:126:Infinity":14,"s:127:2:127:Infinity":15,"b:129:2:132:Infinity:undefined:undefined:undefined:undefined":7,"s:129:2:132:Infinity":16,"s:130:4:130:Infinity":17,"s:131:4:131:Infinity":18,"s:134:2:134:Infinity":19},"fnNames":{}}}
,"/Users/go/work/github/loop-e2e/src/pipeline/diff.ts": {"path":"/Users/go/work/github/loop-e2e/src/pipeline/diff.ts","statementMap":{"0":{"start":{"line":14,"column":2},"end":{"line":14,"column":null}},"1":{"start":{"line":18,"column":2},"end":{"line":18,"column":null}},"2":{"start":{"line":22,"column":2},"end":{"line":22,"column":null}},"3":{"start":{"line":26,"column":23},"end":{"line":26,"column":null}},"4":{"start":{"line":27,"column":22},"end":{"line":27,"column":null}},"5":{"start":{"line":28,"column":34},"end":{"line":28,"column":null}},"6":{"start":{"line":30,"column":2},"end":{"line":41,"column":null}},"7":{"start":{"line":31,"column":16},"end":{"line":31,"column":null}},"8":{"start":{"line":32,"column":4},"end":{"line":40,"column":null}},"9":{"start":{"line":33,"column":6},"end":{"line":39,"column":null}},"10":{"start":{"line":43,"column":2},"end":{"line":54,"column":null}},"11":{"start":{"line":44,"column":16},"end":{"line":44,"column":null}},"12":{"start":{"line":45,"column":4},"end":{"line":53,"column":null}},"13":{"start":{"line":46,"column":6},"end":{"line":52,"column":null}},"14":{"start":{"line":56,"column":2},"end":{"line":56,"column":null}},"15":{"start":{"line":60,"column":34},"end":{"line":60,"column":null}},"16":{"start":{"line":61,"column":26},"end":{"line":61,"column":null}},"17":{"start":{"line":61,"column":60},"end":{"line":61,"column":70}},"18":{"start":{"line":63,"column":2},"end":{"line":120,"column":null}},"19":{"start":{"line":64,"column":21},"end":{"line":64,"column":null}},"20":{"start":{"line":65,"column":4},"end":{"line":65,"column":null}},"21":{"start":{"line":65,"column":19},"end":{"line":65,"column":null}},"22":{"start":{"line":67,"column":28},"end":{"line":67,"column":null}},"23":{"start":{"line":68,"column":28},"end":{"line":68,"column":null}},"24":{"start":{"line":70,"column":4},"end":{"line":80,"column":null}},"25":{"start":{"line":71,"column":6},"end":{"line":79,"column":null}},"26":{"start":{"line":72,"column":8},"end":{"line":78,"column":null}},"27":{"start":{"line":82,"column":4},"end":{"line":92,"column":null}},"28":{"start":{"line":83,"column":6},"end":{"line":91,"column":null}},"29":{"start":{"line":84,"column":8},"end":{"line":90,"column":null}},"30":{"start":{"line":94,"column":26},"end":{"line":94,"column":null}},"31":{"start":{"line":95,"column":26},"end":{"line":95,"column":null}},"32":{"start":{"line":97,"column":4},"end":{"line":107,"column":null}},"33":{"start":{"line":98,"column":6},"end":{"line":106,"column":null}},"34":{"start":{"line":99,"column":8},"end":{"line":105,"column":null}},"35":{"start":{"line":109,"column":4},"end":{"line":119,"column":null}},"36":{"start":{"line":110,"column":6},"end":{"line":118,"column":null}},"37":{"start":{"line":111,"column":8},"end":{"line":117,"column":null}},"38":{"start":{"line":122,"column":2},"end":{"line":122,"column":null}},"39":{"start":{"line":126,"column":48},"end":{"line":126,"column":null}},"40":{"start":{"line":127,"column":34},"end":{"line":127,"column":null}},"41":{"start":{"line":129,"column":2},"end":{"line":132,"column":null}},"42":{"start":{"line":130,"column":4},"end":{"line":130,"column":null}},"43":{"start":{"line":131,"column":4},"end":{"line":131,"column":null}},"44":{"start":{"line":134,"column":22},"end":{"line":134,"column":null}},"45":{"start":{"line":135,"column":2},"end":{"line":135,"column":null}},"46":{"start":{"line":137,"column":2},"end":{"line":137,"column":null}}},"fnMap":{"0":{"name":"transitionKey","decl":{"start":{"line":13,"column":9},"end":{"line":13,"column":23}},"loc":{"start":{"line":13,"column":87},"end":{"line":15,"column":null}},"line":13},"1":{"name":"displayItemKey","decl":{"start":{"line":17,"column":9},"end":{"line":17,"column":24}},"loc":{"start":{"line":17,"column":48},"end":{"line":19,"column":null}},"line":17},"2":{"name":"inputItemKey","decl":{"start":{"line":21,"column":9},"end":{"line":21,"column":22}},"loc":{"start":{"line":21,"column":44},"end":{"line":23,"column":null}},"line":21},"3":{"name":"detectTransitionDiffs","decl":{"start":{"line":25,"column":9},"end":{"line":25,"column":31}},"loc":{"start":{"line":25,"column":95},"end":{"line":57,"column":null}},"line":25},"4":{"name":"detectPageItemDiffs","decl":{"start":{"line":59,"column":9},"end":{"line":59,"column":29}},"loc":{"start":{"line":59,"column":93},"end":{"line":123,"column":null}},"line":59},"5":{"name":"(anonymous_5)","decl":{"start":{"line":61,"column":49},"end":{"line":61,"column":54}},"loc":{"start":{"line":61,"column":60},"end":{"line":61,"column":70}},"line":61},"6":{"name":"detectDiffs","decl":{"start":{"line":125,"column":22},"end":{"line":125,"column":34}},"loc":{"start":{"line":125,"column":81},"end":{"line":138,"column":null}},"line":125}},"branchMap":{"0":{"loc":{"start":{"line":22,"column":33},"end":{"line":22,"column":null}},"type":"binary-expr","locations":[{"start":{"line":22,"column":33},"end":{"line":22,"column":43}},{"start":{"line":22,"column":43},"end":{"line":22,"column":null}}],"line":22},"1":{"loc":{"start":{"line":32,"column":4},"end":{"line":40,"column":null}},"type":"if","locations":[{"start":{"line":32,"column":4},"end":{"line":40,"column":null}},{"start":{},"end":{}}],"line":32},"2":{"loc":{"start":{"line":45,"column":4},"end":{"line":53,"column":null}},"type":"if","locations":[{"start":{"line":45,"column":4},"end":{"line":53,"column":null}},{"start":{},"end":{}}],"line":45},"3":{"loc":{"start":{"line":65,"column":4},"end":{"line":65,"column":null}},"type":"if","locations":[{"start":{"line":65,"column":4},"end":{"line":65,"column":null}},{"start":{},"end":{}}],"line":65},"4":{"loc":{"start":{"line":71,"column":6},"end":{"line":79,"column":null}},"type":"if","locations":[{"start":{"line":71,"column":6},"end":{"line":79,"column":null}},{"start":{},"end":{}}],"line":71},"5":{"loc":{"start":{"line":83,"column":6},"end":{"line":91,"column":null}},"type":"if","locations":[{"start":{"line":83,"column":6},"end":{"line":91,"column":null}},{"start":{},"end":{}}],"line":83},"6":{"loc":{"start":{"line":98,"column":6},"end":{"line":106,"column":null}},"type":"if","locations":[{"start":{"line":98,"column":6},"end":{"line":106,"column":null}},{"start":{},"end":{}}],"line":98},"7":{"loc":{"start":{"line":110,"column":6},"end":{"line":118,"column":null}},"type":"if","locations":[{"start":{"line":110,"column":6},"end":{"line":118,"column":null}},{"start":{},"end":{}}],"line":110},"8":{"loc":{"start":{"line":129,"column":2},"end":{"line":132,"column":null}},"type":"if","locations":[{"start":{"line":129,"column":2},"end":{"line":132,"column":null}},{"start":{},"end":{}}],"line":129}},"s":{"0":8,"1":4,"2":2,"3":6,"4":6,"5":6,"6":6,"7":2,"8":2,"9":1,"10":6,"11":2,"12":2,"13":1,"14":6,"15":6,"16":6,"17":4,"18":6,"19":4,"20":4,"21":0,"22":4,"23":4,"24":4,"25":1,"26":1,"27":4,"28":1,"29":1,"30":4,"31":4,"32":4,"33":1,"34":1,"35":4,"36":0,"37":0,"38":6,"39":7,"40":7,"41":7,"42":6,"43":6,"44":7,"45":7,"46":7},"f":{"0":8,"1":4,"2":2,"3":6,"4":6,"5":4,"6":7},"b":{"0":[2,0],"1":[1,1],"2":[1,1],"3":[0,4],"4":[1,0],"5":[1,0],"6":[1,0],"7":[0,0],"8":[6,1]},"meta":{"lastBranch":9,"lastFunction":7,"lastStatement":47,"seen":{"f:13:9:13:23":0,"s:14:2:14:Infinity":0,"f:17:9:17:24":1,"s:18:2:18:Infinity":1,"f:21:9:21:22":2,"s:22:2:22:Infinity":2,"b:22:33:22:43:22:43:22:Infinity":0,"f:25:9:25:31":3,"s:26:23:26:Infinity":3,"s:27:22:27:Infinity":4,"s:28:34:28:Infinity":5,"s:30:2:41:Infinity":6,"s:31:16:31:Infinity":7,"b:32:4:40:Infinity:undefined:undefined:undefined:undefined":1,"s:32:4:40:Infinity":8,"s:33:6:39:Infinity":9,"s:43:2:54:Infinity":10,"s:44:16:44:Infinity":11,"b:45:4:53:Infinity:undefined:undefined:undefined:undefined":2,"s:45:4:53:Infinity":12,"s:46:6:52:Infinity":13,"s:56:2:56:Infinity":14,"f:59:9:59:29":4,"s:60:34:60:Infinity":15,"s:61:26:61:Infinity":16,"f:61:49:61:54":5,"s:61:60:61:70":17,"s:63:2:120:Infinity":18,"s:64:21:64:Infinity":19,"b:65:4:65:Infinity:undefined:undefined:undefined:undefined":3,"s:65:4:65:Infinity":20,"s:65:19:65:Infinity":21,"s:67:28:67:Infinity":22,"s:68:28:68:Infinity":23,"s:70:4:80:Infinity":24,"b:71:6:79:Infinity:undefined:undefined:undefined:undefined":4,"s:71:6:79:Infinity":25,"s:72:8:78:Infinity":26,"s:82:4:92:Infinity":27,"b:83:6:91:Infinity:undefined:undefined:undefined:undefined":5,"s:83:6:91:Infinity":28,"s:84:8:90:Infinity":29,"s:94:26:94:Infinity":30,"s:95:26:95:Infinity":31,"s:97:4:107:Infinity":32,"b:98:6:106:Infinity:undefined:undefined:undefined:undefined":6,"s:98:6:106:Infinity":33,"s:99:8:105:Infinity":34,"s:109:4:119:Infinity":35,"b:110:6:118:Infinity:undefined:undefined:undefined:undefined":7,"s:110:6:118:Infinity":36,"s:111:8:117:Infinity":37,"s:122:2:122:Infinity":38,"f:125:22:125:34":6,"s:126:48:126:Infinity":39,"s:127:34:127:Infinity":40,"b:129:2:132:Infinity:undefined:undefined:undefined:undefined":8,"s:129:2:132:Infinity":41,"s:130:4:130:Infinity":42,"s:131:4:131:Infinity":43,"s:134:22:134:Infinity":44,"s:135:2:135:Infinity":45,"s:137:2:137:Infinity":46},"fnNames":{}}}
,"/Users/go/work/github/loop-e2e/src/pipeline/report.ts": {"path":"/Users/go/work/github/loop-e2e/src/pipeline/report.ts","statementMap":{"0":{"start":{"line":53,"column":2},"end":{"line":55,"column":null}},"1":{"start":{"line":54,"column":4},"end":{"line":54,"column":null}},"2":{"start":{"line":56,"column":2},"end":{"line":56,"column":null}},"3":{"start":{"line":60,"column":2},"end":{"line":62,"column":null}},"4":{"start":{"line":61,"column":4},"end":{"line":61,"column":null}},"5":{"start":{"line":63,"column":2},"end":{"line":63,"column":null}},"6":{"start":{"line":67,"column":2},"end":{"line":69,"column":null}},"7":{"start":{"line":68,"column":4},"end":{"line":68,"column":null}},"8":{"start":{"line":70,"column":2},"end":{"line":70,"column":null}},"9":{"start":{"line":74,"column":2},"end":{"line":76,"column":null}},"10":{"start":{"line":75,"column":4},"end":{"line":75,"column":null}},"11":{"start":{"line":77,"column":2},"end":{"line":77,"column":null}},"12":{"start":{"line":85,"column":22},"end":{"line":87,"column":null}},"13":{"start":{"line":86,"column":16},"end":{"line":86,"column":74}},"14":{"start":{"line":89,"column":24},"end":{"line":91,"column":null}},"15":{"start":{"line":90,"column":16},"end":{"line":90,"column":59}},"16":{"start":{"line":93,"column":2},"end":{"line":99,"column":null}},"17":{"start":{"line":121,"column":123},"end":{"line":121,"column":null}},"18":{"start":{"line":122,"column":8},"end":{"line":122,"column":null}},"19":{"start":{"line":123,"column":8},"end":{"line":123,"column":null}},"20":{"start":{"line":124,"column":2},"end":{"line":124,"column":null}},"21":{"start":{"line":126,"column":17},"end":{"line":126,"column":null}},"22":{"start":{"line":129,"column":23},"end":{"line":129,"column":null}},"23":{"start":{"line":130,"column":21},"end":{"line":130,"column":null}},"24":{"start":{"line":133,"column":55},"end":{"line":133,"column":null}},"25":{"start":{"line":134,"column":51},"end":{"line":134,"column":null}},"26":{"start":{"line":135,"column":110},"end":{"line":135,"column":null}},"27":{"start":{"line":136,"column":97},"end":{"line":136,"column":null}},"28":{"start":{"line":138,"column":2},"end":{"line":155,"column":null}},"29":{"start":{"line":140,"column":17},"end":{"line":140,"column":null}},"30":{"start":{"line":141,"column":23},"end":{"line":141,"column":null}},"31":{"start":{"line":142,"column":22},"end":{"line":142,"column":null}},"32":{"start":{"line":143,"column":6},"end":{"line":143,"column":null}},"33":{"start":{"line":145,"column":12},"end":{"line":147,"column":null}},"34":{"start":{"line":149,"column":6},"end":{"line":153,"column":null}},"35":{"start":{"line":150,"column":8},"end":{"line":150,"column":null}},"36":{"start":{"line":152,"column":8},"end":{"line":152,"column":null}},"37":{"start":{"line":158,"column":2},"end":{"line":177,"column":null}},"38":{"start":{"line":159,"column":20},"end":{"line":159,"column":null}},"39":{"start":{"line":160,"column":4},"end":{"line":176,"column":null}},"40":{"start":{"line":161,"column":6},"end":{"line":175,"column":null}},"41":{"start":{"line":162,"column":8},"end":{"line":172,"column":null}},"42":{"start":{"line":174,"column":8},"end":{"line":174,"column":null}},"43":{"start":{"line":180,"column":25},"end":{"line":189,"column":null}},"44":{"start":{"line":192,"column":27},"end":{"line":200,"column":null}},"45":{"start":{"line":196,"column":24},"end":{"line":196,"column":null}},"46":{"start":{"line":197,"column":10},"end":{"line":197,"column":null}},"47":{"start":{"line":202,"column":20},"end":{"line":202,"column":null}},"48":{"start":{"line":205,"column":2},"end":{"line":205,"column":null}},"49":{"start":{"line":206,"column":2},"end":{"line":206,"column":null}},"50":{"start":{"line":207,"column":2},"end":{"line":207,"column":null}},"51":{"start":{"line":210,"column":2},"end":{"line":210,"column":null}},"52":{"start":{"line":211,"column":2},"end":{"line":211,"column":null}}},"fnMap":{"0":{"name":"findingTitle","decl":{"start":{"line":52,"column":9},"end":{"line":52,"column":22}},"loc":{"start":{"line":52,"column":68},"end":{"line":57,"column":null}},"line":52},"1":{"name":"findingBody","decl":{"start":{"line":59,"column":9},"end":{"line":59,"column":21}},"loc":{"start":{"line":59,"column":92},"end":{"line":64,"column":null}},"line":59},"2":{"name":"findingFingerprint","decl":{"start":{"line":66,"column":9},"end":{"line":66,"column":28}},"loc":{"start":{"line":66,"column":74},"end":{"line":71,"column":null}},"line":66},"3":{"name":"buildEvidence","decl":{"start":{"line":73,"column":9},"end":{"line":73,"column":23}},"loc":{"start":{"line":73,"column":69},"end":{"line":78,"column":null}},"line":73},"4":{"name":"buildReportPrompt","decl":{"start":{"line":80,"column":9},"end":{"line":80,"column":null}},"loc":{"start":{"line":84,"column":10},"end":{"line":107,"column":null}},"line":84},"5":{"name":"(anonymous_5)","decl":{"start":{"line":86,"column":5},"end":{"line":86,"column":10}},"loc":{"start":{"line":86,"column":16},"end":{"line":86,"column":74}},"line":86},"6":{"name":"(anonymous_6)","decl":{"start":{"line":90,"column":5},"end":{"line":90,"column":10}},"loc":{"start":{"line":90,"column":16},"end":{"line":90,"column":59}},"line":90},"7":{"name":"writeReport","decl":{"start":{"line":116,"column":22},"end":{"line":116,"column":null}},"loc":{"start":{"line":120,"column":17},"end":{"line":212,"column":null}},"line":120},"8":{"name":"(anonymous_8)","decl":{"start":{"line":139,"column":20},"end":{"line":139,"column":27}},"loc":{"start":{"line":139,"column":39},"end":{"line":154,"column":5}},"line":139},"9":{"name":"(anonymous_9)","decl":{"start":{"line":195,"column":9},"end":{"line":195,"column":14}},"loc":{"start":{"line":195,"column":39},"end":{"line":198,"column":9}},"line":195}},"branchMap":{"0":{"loc":{"start":{"line":53,"column":2},"end":{"line":55,"column":null}},"type":"if","locations":[{"start":{"line":53,"column":2},"end":{"line":55,"column":null}},{"start":{},"end":{}}],"line":53},"1":{"loc":{"start":{"line":60,"column":2},"end":{"line":62,"column":null}},"type":"if","locations":[{"start":{"line":60,"column":2},"end":{"line":62,"column":null}},{"start":{},"end":{}}],"line":60},"2":{"loc":{"start":{"line":67,"column":2},"end":{"line":69,"column":null}},"type":"if","locations":[{"start":{"line":67,"column":2},"end":{"line":69,"column":null}},{"start":{},"end":{}}],"line":67},"3":{"loc":{"start":{"line":74,"column":2},"end":{"line":76,"column":null}},"type":"if","locations":[{"start":{"line":74,"column":2},"end":{"line":76,"column":null}},{"start":{},"end":{}}],"line":74},"4":{"loc":{"start":{"line":96,"column":2},"end":{"line":96,"column":null}},"type":"binary-expr","locations":[{"start":{"line":96,"column":2},"end":{"line":96,"column":17}},{"start":{"line":96,"column":17},"end":{"line":96,"column":null}}],"line":96},"5":{"loc":{"start":{"line":99,"column":2},"end":{"line":99,"column":null}},"type":"binary-expr","locations":[{"start":{"line":99,"column":2},"end":{"line":99,"column":19}},{"start":{"line":99,"column":19},"end":{"line":99,"column":null}}],"line":99},"6":{"loc":{"start":{"line":126,"column":17},"end":{"line":126,"column":null}},"type":"binary-expr","locations":[{"start":{"line":126,"column":17},"end":{"line":126,"column":48}},{"start":{"line":126,"column":48},"end":{"line":126,"column":null}}],"line":126},"7":{"loc":{"start":{"line":145,"column":12},"end":{"line":147,"column":null}},"type":"binary-expr","locations":[{"start":{"line":146,"column":9},"end":{"line":146,"column":45}},{"start":{"line":146,"column":45},"end":{"line":146,"column":null}},{"start":{"line":147,"column":8},"end":{"line":147,"column":null}}],"line":145},"8":{"loc":{"start":{"line":149,"column":6},"end":{"line":153,"column":null}},"type":"if","locations":[{"start":{"line":149,"column":6},"end":{"line":153,"column":null}},{"start":{"line":151,"column":13},"end":{"line":153,"column":null}}],"line":149},"9":{"loc":{"start":{"line":158,"column":2},"end":{"line":177,"column":null}},"type":"if","locations":[{"start":{"line":158,"column":2},"end":{"line":177,"column":null}},{"start":{},"end":{}}],"line":158},"10":{"loc":{"start":{"line":158,"column":6},"end":{"line":158,"column":28}},"type":"binary-expr","locations":[{"start":{"line":158,"column":6},"end":{"line":158,"column":22}},{"start":{"line":158,"column":22},"end":{"line":158,"column":28}}],"line":158},"11":{"loc":{"start":{"line":192,"column":27},"end":{"line":200,"column":null}},"type":"cond-expr","locations":[{"start":{"line":193,"column":6},"end":{"line":199,"column":null}},{"start":{"line":200,"column":6},"end":{"line":200,"column":null}}],"line":192}},"s":{"0":3,"1":3,"2":0,"3":1,"4":1,"5":0,"6":3,"7":3,"8":0,"9":3,"10":3,"11":0,"12":4,"13":3,"14":4,"15":0,"16":4,"17":4,"18":4,"19":4,"20":4,"21":4,"22":4,"23":4,"24":4,"25":4,"26":4,"27":4,"28":4,"29":3,"30":3,"31":3,"32":3,"33":3,"34":3,"35":1,"36":2,"37":4,"38":2,"39":2,"40":1,"41":1,"42":0,"43":4,"44":4,"45":2,"46":2,"47":4,"48":4,"49":4,"50":4,"51":4,"52":4},"f":{"0":3,"1":1,"2":3,"3":3,"4":4,"5":3,"6":0,"7":4,"8":3,"9":2},"b":{"0":[3,0],"1":[1,0],"2":[3,0],"3":[3,0],"4":[4,1],"5":[4,4],"6":[4,0],"7":[3,1,2],"8":[1,2],"9":[2,2],"10":[4,2],"11":[2,2]},"meta":{"lastBranch":12,"lastFunction":10,"lastStatement":53,"seen":{"f:52:9:52:22":0,"b:53:2:55:Infinity:undefined:undefined:undefined:undefined":0,"s:53:2:55:Infinity":0,"s:54:4:54:Infinity":1,"s:56:2:56:Infinity":2,"f:59:9:59:21":1,"b:60:2:62:Infinity:undefined:undefined:undefined:undefined":1,"s:60:2:62:Infinity":3,"s:61:4:61:Infinity":4,"s:63:2:63:Infinity":5,"f:66:9:66:28":2,"b:67:2:69:Infinity:undefined:undefined:undefined:undefined":2,"s:67:2:69:Infinity":6,"s:68:4:68:Infinity":7,"s:70:2:70:Infinity":8,"f:73:9:73:23":3,"b:74:2:76:Infinity:undefined:undefined:undefined:undefined":3,"s:74:2:76:Infinity":9,"s:75:4:75:Infinity":10,"s:77:2:77:Infinity":11,"f:80:9:80:Infinity":4,"s:85:22:87:Infinity":12,"f:86:5:86:10":5,"s:86:16:86:74":13,"s:89:24:91:Infinity":14,"f:90:5:90:10":6,"s:90:16:90:59":15,"s:93:2:99:Infinity":16,"b:96:2:96:17:96:17:96:Infinity":4,"b:99:2:99:19:99:19:99:Infinity":5,"f:116:22:116:Infinity":7,"s:121:123:121:Infinity":17,"s:122:8:122:Infinity":18,"s:123:8:123:Infinity":19,"s:124:2:124:Infinity":20,"s:126:17:126:Infinity":21,"b:126:17:126:48:126:48:126:Infinity":6,"s:129:23:129:Infinity":22,"s:130:21:130:Infinity":23,"s:133:55:133:Infinity":24,"s:134:51:134:Infinity":25,"s:135:110:135:Infinity":26,"s:136:97:136:Infinity":27,"s:138:2:155:Infinity":28,"f:139:20:139:27":8,"s:140:17:140:Infinity":29,"s:141:23:141:Infinity":30,"s:142:22:142:Infinity":31,"s:143:6:143:Infinity":32,"s:145:12:147:Infinity":33,"b:146:9:146:45:146:45:146:Infinity:147:8:147:Infinity":7,"b:149:6:153:Infinity:151:13:153:Infinity":8,"s:149:6:153:Infinity":34,"s:150:8:150:Infinity":35,"s:152:8:152:Infinity":36,"b:158:2:177:Infinity:undefined:undefined:undefined:undefined":9,"s:158:2:177:Infinity":37,"b:158:6:158:22:158:22:158:28":10,"s:159:20:159:Infinity":38,"s:160:4:176:Infinity":39,"s:161:6:175:Infinity":40,"s:162:8:172:Infinity":41,"s:174:8:174:Infinity":42,"s:180:25:189:Infinity":43,"s:192:27:200:Infinity":44,"b:193:6:199:Infinity:200:6:200:Infinity":11,"f:195:9:195:14":9,"s:196:24:196:Infinity":45,"s:197:10:197:Infinity":46,"s:202:20:202:Infinity":47,"s:205:2:205:Infinity":48,"s:206:2:206:Infinity":49,"s:207:2:207:Infinity":50,"s:210:2:210:Infinity":51,"s:211:2:211:Infinity":52},"fnNames":{}}}
,"/Users/go/work/github/loop-e2e/src/pipeline/verify/conditional.ts": {"path":"/Users/go/work/github/loop-e2e/src/pipeline/verify/conditional.ts","statementMap":{"0":{"start":{"line":13,"column":33},"end":{"line":22,"column":null}},"1":{"start":{"line":25,"column":22},"end":{"line":25,"column":null}},"2":{"start":{"line":27,"column":26},"end":{"line":35,"column":null}},"3":{"start":{"line":29,"column":33},"end":{"line":29,"column":null}},"4":{"start":{"line":29,"column":62},"end":{"line":29,"column":94}},"5":{"start":{"line":30,"column":6},"end":{"line":33,"column":null}},"6":{"start":{"line":37,"column":2},"end":{"line":46,"column":null}},"7":{"start":{"line":75,"column":36},"end":{"line":75,"column":null}},"8":{"start":{"line":77,"column":2},"end":{"line":79,"column":null}},"9":{"start":{"line":78,"column":4},"end":{"line":78,"column":null}},"10":{"start":{"line":81,"column":39},"end":{"line":81,"column":null}},"11":{"start":{"line":83,"column":2},"end":{"line":100,"column":null}},"12":{"start":{"line":84,"column":4},"end":{"line":99,"column":null}},"13":{"start":{"line":85,"column":21},"end":{"line":85,"column":null}},"14":{"start":{"line":86,"column":21},"end":{"line":86,"column":null}},"15":{"start":{"line":88,"column":6},"end":{"line":96,"column":null}},"16":{"start":{"line":89,"column":8},"end":{"line":95,"column":null}},"17":{"start":{"line":98,"column":6},"end":{"line":98,"column":null}},"18":{"start":{"line":102,"column":2},"end":{"line":102,"column":null}}},"fnMap":{"0":{"name":"buildConditionalPrompt","decl":{"start":{"line":24,"column":9},"end":{"line":24,"column":32}},"loc":{"start":{"line":24,"column":78},"end":{"line":68,"column":null}},"line":24},"1":{"name":"(anonymous_1)","decl":{"start":{"line":28,"column":5},"end":{"line":28,"column":10}},"loc":{"start":{"line":28,"column":16},"end":{"line":34,"column":5}},"line":28},"2":{"name":"(anonymous_2)","decl":{"start":{"line":29,"column":51},"end":{"line":29,"column":56}},"loc":{"start":{"line":29,"column":62},"end":{"line":29,"column":94}},"line":29},"3":{"name":"verifyConditional","decl":{"start":{"line":74,"column":22},"end":{"line":74,"column":40}},"loc":{"start":{"line":74,"column":89},"end":{"line":103,"column":null}},"line":74}},"branchMap":{"0":{"loc":{"start":{"line":33,"column":2},"end":{"line":33,"column":null}},"type":"binary-expr","locations":[{"start":{"line":33,"column":2},"end":{"line":33,"column":24}},{"start":{"line":33,"column":24},"end":{"line":33,"column":null}}],"line":33},"1":{"loc":{"start":{"line":46,"column":2},"end":{"line":46,"column":null}},"type":"binary-expr","locations":[{"start":{"line":46,"column":2},"end":{"line":46,"column":21}},{"start":{"line":46,"column":21},"end":{"line":46,"column":null}}],"line":46},"2":{"loc":{"start":{"line":77,"column":2},"end":{"line":79,"column":null}},"type":"if","locations":[{"start":{"line":77,"column":2},"end":{"line":79,"column":null}},{"start":{},"end":{}}],"line":77}},"s":{"0":2,"1":11,"2":11,"3":3,"4":3,"5":3,"6":11,"7":12,"8":12,"9":3,"10":9,"11":9,"12":11,"13":11,"14":11,"15":10,"16":6,"17":1,"18":9},"f":{"0":11,"1":3,"2":3,"3":12},"b":{"0":[3,0],"1":[11,8],"2":[3,9]},"meta":{"lastBranch":3,"lastFunction":4,"lastStatement":19,"seen":{"s:13:33:22:Infinity":0,"f:24:9:24:32":0,"s:25:22:25:Infinity":1,"s:27:26:35:Infinity":2,"f:28:5:28:10":1,"s:29:33:29:Infinity":3,"f:29:51:29:56":2,"s:29:62:29:94":4,"s:30:6:33:Infinity":5,"b:33:2:33:24:33:24:33:Infinity":0,"s:37:2:46:Infinity":6,"b:46:2:46:21:46:21:46:Infinity":1,"f:74:22:74:40":3,"s:75:36:75:Infinity":7,"b:77:2:79:Infinity:undefined:undefined:undefined:undefined":2,"s:77:2:79:Infinity":8,"s:78:4:78:Infinity":9,"s:81:39:81:Infinity":10,"s:83:2:100:Infinity":11,"s:84:4:99:Infinity":12,"s:85:21:85:Infinity":13,"s:86:21:86:Infinity":14,"s:88:6:96:Infinity":15,"s:89:8:95:Infinity":16,"s:98:6:98:Infinity":17,"s:102:2:102:Infinity":18},"fnNames":{}}}
,"/Users/go/work/github/loop-e2e/src/pipeline/verify/errorHandling.ts": {"path":"/Users/go/work/github/loop-e2e/src/pipeline/verify/errorHandling.ts","statementMap":{"0":{"start":{"line":11,"column":35},"end":{"line":20,"column":null}},"1":{"start":{"line":24,"column":2},"end":{"line":24,"column":null}},"2":{"start":{"line":31,"column":2},"end":{"line":31,"column":null}},"3":{"start":{"line":35,"column":22},"end":{"line":35,"column":null}},"4":{"start":{"line":37,"column":2},"end":{"line":43,"column":null}},"5":{"start":{"line":78,"column":25},"end":{"line":78,"column":null}},"6":{"start":{"line":80,"column":2},"end":{"line":82,"column":null}},"7":{"start":{"line":81,"column":4},"end":{"line":81,"column":null}},"8":{"start":{"line":84,"column":39},"end":{"line":84,"column":null}},"9":{"start":{"line":86,"column":2},"end":{"line":108,"column":null}},"10":{"start":{"line":87,"column":4},"end":{"line":107,"column":null}},"11":{"start":{"line":89,"column":6},"end":{"line":91,"column":null}},"12":{"start":{"line":90,"column":8},"end":{"line":90,"column":null}},"13":{"start":{"line":93,"column":21},"end":{"line":93,"column":null}},"14":{"start":{"line":94,"column":21},"end":{"line":94,"column":null}},"15":{"start":{"line":96,"column":6},"end":{"line":104,"column":null}},"16":{"start":{"line":97,"column":8},"end":{"line":103,"column":null}},"17":{"start":{"line":106,"column":6},"end":{"line":106,"column":null}},"18":{"start":{"line":110,"column":2},"end":{"line":110,"column":null}}},"fnMap":{"0":{"name":"pageHasErrorMessages","decl":{"start":{"line":30,"column":9},"end":{"line":30,"column":30}},"loc":{"start":{"line":30,"column":53},"end":{"line":32,"column":null}},"line":30},"1":{"name":"buildErrorHandlingPrompt","decl":{"start":{"line":34,"column":9},"end":{"line":34,"column":34}},"loc":{"start":{"line":34,"column":57},"end":{"line":71,"column":null}},"line":34},"2":{"name":"verifyErrorHandling","decl":{"start":{"line":77,"column":22},"end":{"line":77,"column":42}},"loc":{"start":{"line":77,"column":93},"end":{"line":111,"column":null}},"line":77}},"branchMap":{"0":{"loc":{"start":{"line":80,"column":2},"end":{"line":82,"column":null}},"type":"if","locations":[{"start":{"line":80,"column":2},"end":{"line":82,"column":null}},{"start":{},"end":{}}],"line":80},"1":{"loc":{"start":{"line":89,"column":6},"end":{"line":91,"column":null}},"type":"if","locations":[{"start":{"line":89,"column":6},"end":{"line":91,"column":null}},{"start":{},"end":{}}],"line":89}},"s":{"0":2,"1":2,"2":16,"3":10,"4":10,"5":13,"6":13,"7":3,"8":10,"9":10,"10":12,"11":12,"12":2,"13":10,"14":10,"15":9,"16":5,"17":1,"18":10},"f":{"0":16,"1":10,"2":13},"b":{"0":[3,10],"1":[2,10]},"meta":{"lastBranch":2,"lastFunction":3,"lastStatement":19,"seen":{"s:11:35:20:Infinity":0,"s:24:2:24:Infinity":1,"f:30:9:30:30":0,"s:31:2:31:Infinity":2,"f:34:9:34:34":1,"s:35:22:35:Infinity":3,"s:37:2:43:Infinity":4,"f:77:22:77:42":2,"s:78:25:78:Infinity":5,"b:80:2:82:Infinity:undefined:undefined:undefined:undefined":0,"s:80:2:82:Infinity":6,"s:81:4:81:Infinity":7,"s:84:39:84:Infinity":8,"s:86:2:108:Infinity":9,"s:87:4:107:Infinity":10,"b:89:6:91:Infinity:undefined:undefined:undefined:undefined":1,"s:89:6:91:Infinity":11,"s:90:8:90:Infinity":12,"s:93:21:93:Infinity":13,"s:94:21:94:Infinity":14,"s:96:6:104:Infinity":15,"s:97:8:103:Infinity":16,"s:106:6:106:Infinity":17,"s:110:2:110:Infinity":18},"fnNames":{}}}
,"/Users/go/work/github/loop-e2e/src/pipeline/verify/index.ts": {"path":"/Users/go/work/github/loop-e2e/src/pipeline/verify/index.ts","statementMap":{"0":{"start":{"line":34,"column":64},"end":{"line":34,"column":null}},"1":{"start":{"line":36,"column":39},"end":{"line":57,"column":null}},"2":{"start":{"line":39,"column":6},"end":{"line":39,"column":null}},"3":{"start":{"line":43,"column":6},"end":{"line":43,"column":null}},"4":{"start":{"line":47,"column":6},"end":{"line":47,"column":null}},"5":{"start":{"line":51,"column":6},"end":{"line":51,"column":null}},"6":{"start":{"line":55,"column":6},"end":{"line":55,"column":null}},"7":{"start":{"line":59,"column":39},"end":{"line":59,"column":null}},"8":{"start":{"line":61,"column":2},"end":{"line":69,"column":null}},"9":{"start":{"line":62,"column":4},"end":{"line":68,"column":null}},"10":{"start":{"line":63,"column":23},"end":{"line":63,"column":null}},"11":{"start":{"line":64,"column":6},"end":{"line":64,"column":null}},"12":{"start":{"line":65,"column":6},"end":{"line":65,"column":null}},"13":{"start":{"line":67,"column":6},"end":{"line":67,"column":null}},"14":{"start":{"line":71,"column":2},"end":{"line":71,"column":null}}},"fnMap":{"0":{"name":"runVerify","decl":{"start":{"line":33,"column":22},"end":{"line":33,"column":32}},"loc":{"start":{"line":33,"column":79},"end":{"line":72,"column":null}},"line":33},"1":{"name":"(anonymous_1)","decl":{"start":{"line":39,"column":6},"end":{"line":39,"column":16}},"loc":{"start":{"line":39,"column":6},"end":{"line":39,"column":null}},"line":39},"2":{"name":"(anonymous_2)","decl":{"start":{"line":43,"column":6},"end":{"line":43,"column":16}},"loc":{"start":{"line":43,"column":6},"end":{"line":43,"column":null}},"line":43},"3":{"name":"(anonymous_3)","decl":{"start":{"line":47,"column":6},"end":{"line":47,"column":16}},"loc":{"start":{"line":47,"column":6},"end":{"line":47,"column":null}},"line":47},"4":{"name":"(anonymous_4)","decl":{"start":{"line":51,"column":6},"end":{"line":51,"column":16}},"loc":{"start":{"line":51,"column":6},"end":{"line":51,"column":null}},"line":51},"5":{"name":"(anonymous_5)","decl":{"start":{"line":55,"column":6},"end":{"line":55,"column":16}},"loc":{"start":{"line":55,"column":6},"end":{"line":55,"column":null}},"line":55}},"branchMap":{},"s":{"0":5,"1":5,"2":5,"3":5,"4":5,"5":5,"6":5,"7":5,"8":5,"9":25,"10":25,"11":25,"12":25,"13":0,"14":5},"f":{"0":5,"1":5,"2":5,"3":5,"4":5,"5":5},"b":{},"meta":{"lastBranch":0,"lastFunction":6,"lastStatement":15,"seen":{"f:33:22:33:32":0,"s:34:64:34:Infinity":0,"s:36:39:57:Infinity":1,"f:39:6:39:16":1,"s:39:6:39:Infinity":2,"f:43:6:43:16":2,"s:43:6:43:Infinity":3,"f:47:6:47:16":3,"s:47:6:47:Infinity":4,"f:51:6:51:16":4,"s:51:6:51:Infinity":5,"f:55:6:55:16":5,"s:55:6:55:Infinity":6,"s:59:39:59:Infinity":7,"s:61:2:69:Infinity":8,"s:62:4:68:Infinity":9,"s:63:23:63:Infinity":10,"s:64:6:64:Infinity":11,"s:65:6:65:Infinity":12,"s:67:6:67:Infinity":13,"s:71:2:71:Infinity":14},"fnNames":{}}}
,"/Users/go/work/github/loop-e2e/src/pipeline/verify/layout.ts": {"path":"/Users/go/work/github/loop-e2e/src/pipeline/verify/layout.ts","statementMap":{"0":{"start":{"line":11,"column":28},"end":{"line":20,"column":null}},"1":{"start":{"line":24,"column":22},"end":{"line":24,"column":null}},"2":{"start":{"line":26,"column":2},"end":{"line":33,"column":null}},"3":{"start":{"line":62,"column":25},"end":{"line":62,"column":null}},"4":{"start":{"line":64,"column":2},"end":{"line":66,"column":null}},"5":{"start":{"line":65,"column":4},"end":{"line":65,"column":null}},"6":{"start":{"line":68,"column":39},"end":{"line":68,"column":null}},"7":{"start":{"line":70,"column":2},"end":{"line":87,"column":null}},"8":{"start":{"line":71,"column":4},"end":{"line":86,"column":null}},"9":{"start":{"line":72,"column":21},"end":{"line":72,"column":null}},"10":{"start":{"line":73,"column":21},"end":{"line":73,"column":null}},"11":{"start":{"line":75,"column":6},"end":{"line":83,"column":null}},"12":{"start":{"line":76,"column":8},"end":{"line":82,"column":null}},"13":{"start":{"line":85,"column":6},"end":{"line":85,"column":null}},"14":{"start":{"line":89,"column":2},"end":{"line":89,"column":null}}},"fnMap":{"0":{"name":"buildLayoutPrompt","decl":{"start":{"line":22,"column":9},"end":{"line":22,"column":27}},"loc":{"start":{"line":22,"column":50},"end":{"line":55,"column":null}},"line":22},"1":{"name":"verifyLayout","decl":{"start":{"line":61,"column":22},"end":{"line":61,"column":35}},"loc":{"start":{"line":61,"column":79},"end":{"line":90,"column":null}},"line":61}},"branchMap":{"0":{"loc":{"start":{"line":64,"column":2},"end":{"line":66,"column":null}},"type":"if","locations":[{"start":{"line":64,"column":2},"end":{"line":66,"column":null}},{"start":{},"end":{}}],"line":64}},"s":{"0":2,"1":10,"2":10,"3":11,"4":11,"5":3,"6":8,"7":8,"8":10,"9":10,"10":10,"11":8,"12":5,"13":2,"14":8},"f":{"0":10,"1":11},"b":{"0":[3,8]},"meta":{"lastBranch":1,"lastFunction":2,"lastStatement":15,"seen":{"s:11:28:20:Infinity":0,"f:22:9:22:27":0,"s:24:22:24:Infinity":1,"s:26:2:33:Infinity":2,"f:61:22:61:35":1,"s:62:25:62:Infinity":3,"b:64:2:66:Infinity:undefined:undefined:undefined:undefined":0,"s:64:2:66:Infinity":4,"s:65:4:65:Infinity":5,"s:68:39:68:Infinity":6,"s:70:2:87:Infinity":7,"s:71:4:86:Infinity":8,"s:72:21:72:Infinity":9,"s:73:21:73:Infinity":10,"s:75:6:83:Infinity":11,"s:76:8:82:Infinity":12,"s:85:6:85:Infinity":13,"s:89:2:89:Infinity":14},"fnNames":{}}}
[...]
10":[2,20],"11":[0,14]},"meta":{"lastBranch":12,"lastFunction":11,"lastStatement":69,"seen":{"s:14:22:30:Infinity":0,"s:32:31:47:Infinity":1,"s:49:26:57:Infinity":2,"s:59:26:67:Infinity":3,"s:71:44:92:Infinity":4,"s:96:63:108:Infinity":5,"f:110:9:110:19":0,"s:111:2:113:Infinity":6,"b:112:4:112:Infinity:undefined:undefined:undefined:undefined":0,"s:112:4:112:Infinity":7,"s:112:31:112:Infinity":8,"s:114:2:114:Infinity":9,"f:117:9:117:22":1,"s:118:2:118:Infinity":10,"f:118:30:118:36":2,"s:118:42:118:57":11,"f:121:9:121:20":3,"b:122:2:122:Infinity:undefined:undefined:undefined:undefined":1,"s:122:2:122:Infinity":12,"s:122:31:122:Infinity":13,"b:123:2:123:Infinity:undefined:undefined:undefined:undefined":2,"s:123:2:123:Infinity":14,"s:123:58:123:Infinity":15,"b:124:2:124:Infinity:undefined:undefined:undefined:undefined":3,"s:124:2:124:Infinity":16,"f:124:29:124:35":4,"s:124:41:124:56":17,"s:124:59:124:Infinity":18,"b:125:2:125:Infinity:undefined:undefined:undefined:undefined":4,"s:125:2:125:Infinity":19,"f:125:24:125:30":5,"s:125:36:125:63":20,"s:125:66:125:Infinity":21,"s:126:2:126:Infinity":22,"f:137:16:137:31":6,"s:138:26:138:Infinity":23,"s:139:24:139:Infinity":24,"s:140:2:140:Infinity":25,"f:147:15:147:Infinity":7,"s:153:2:157:Infinity":26,"s:154:4:154:Infinity":27,"s:156:4:156:Infinity":28,"s:159:2:177:Infinity":29,"s:160:10:160:Infinity":30,"s:161:16:161:Infinity":31,"b:161:26:161:50:161:50:161:Infinity":5,"b:163:4:163:Infinity:undefined:undefined:undefined:undefined":6,"s:163:4:163:Infinity":32,"s:163:32:163:Infinity":33,"s:166:4:170:Infinity":34,"s:167:6:167:Infinity":35,"s:169:6:169:Infinity":36,"b:172:4:176:Infinity:174:11:176:Infinity":7,"s:172:4:176:Infinity":37,"s:173:6:173:Infinity":38,"b:174:11:176:Infinity:undefined:undefined:undefined:undefined":8,"s:174:11:176:Infinity":39,"s:175:6:175:Infinity":40,"f:189:22:189:34":8,"s:190:51:190:Infinity":41,"s:191:2:191:Infinity":42,"s:193:33:193:Infinity":43,"s:194:28:194:Infinity":44,"s:196:2:202:Infinity":45,"b:197:4:201:Infinity:199:11:201:Infinity":9,"s:197:4:201:Infinity":46,"s:198:6:198:Infinity":47,"s:200:6:200:Infinity":48,"s:205:2:205:Infinity":49,"f:205:8:205:14":9,"s:205:23:205:58":50,"s:207:35:207:Infinity":51,"s:208:19:208:Infinity":52,"f:210:17:210:24":10,"s:212:4:216:Infinity":53,"s:213:6:213:Infinity":54,"s:215:6:215:Infinity":55,"s:217:19:217:Infinity":56,"b:218:4:218:Infinity:undefined:undefined:undefined:undefined":10,"s:218:4:218:Infinity":57,"s:218:38:218:Infinity":58,"s:219:4:219:Infinity":59,"s:220:4:220:Infinity":60,"s:223:2:225:Infinity":61,"s:224:4:224:Infinity":62,"s:226:2:229:Infinity":63,"b:227:4:227:Infinity:undefined:undefined:undefined:undefined":11,"s:227:4:227:Infinity":64,"s:227:30:227:Infinity":65,"s:228:4:228:Infinity":66,"s:231:2:234:Infinity":67,"s:236:2:236:Infinity":68},"fnNames":{}}}
,"/Users/go/work/github/loop-e2e/src/services/repo/summarize.ts": {"path":"/Users/go/work/github/loop-e2e/src/services/repo/summarize.ts","statementMap":{"0":{"start":{"line":21,"column":19},"end":{"line":21,"column":null}},"1":{"start":{"line":21,"column":36},"end":{"line":21,"column":67}},"2":{"start":{"line":22,"column":8},"end":{"line":22,"column":null}},"3":{"start":{"line":24,"column":2},"end":{"line":27,"column":null}},"4":{"start":{"line":25,"column":4},"end":{"line":25,"column":null}},"5":{"start":{"line":26,"column":4},"end":{"line":26,"column":null}},"6":{"start":{"line":29,"column":2},"end":{"line":29,"column":null}},"7":{"start":{"line":32,"column":20},"end":{"line":38,"column":null}},"8":{"start":{"line":34,"column":21},"end":{"line":34,"column":null}},"9":{"start":{"line":35,"column":22},"end":{"line":35,"column":null}},"10":{"start":{"line":36,"column":6},"end":{"line":36,"column":null}},"11":{"start":{"line":40,"column":2},"end":{"line":40,"column":null}},"12":{"start":{"line":44,"column":2},"end":{"line":52,"column":null}}},"fnMap":{"0":{"name":"summarizeIfOverBudget","decl":{"start":{"line":16,"column":22},"end":{"line":16,"column":null}},"loc":{"start":{"line":20,"column":19},"end":{"line":41,"column":null}},"line":20},"1":{"name":"(anonymous_1)","decl":{"start":{"line":21,"column":25},"end":{"line":21,"column":30}},"loc":{"start":{"line":21,"column":36},"end":{"line":21,"column":67}},"line":21},"2":{"name":"(anonymous_2)","decl":{"start":{"line":33,"column":14},"end":{"line":33,"column":21}},"loc":{"start":{"line":33,"column":30},"end":{"line":37,"column":5}},"line":33},"3":{"name":"buildSummaryPrompt","decl":{"start":{"line":43,"column":9},"end":{"line":43,"column":28}},"loc":{"start":{"line":43,"column":56},"end":{"line":54,"column":null}},"line":43}},"branchMap":{"0":{"loc":{"start":{"line":24,"column":2},"end":{"line":27,"column":null}},"type":"if","locations":[{"start":{"line":24,"column":2},"end":{"line":27,"column":null}},{"start":{},"end":{}}],"line":24}},"s":{"0":8,"1":8,"2":8,"3":8,"4":6,"5":6,"6":2,"7":2,"8":3,"9":3,"10":3,"11":2,"12":3},"f":{"0":8,"1":8,"2":3,"3":3},"b":{"0":[6,2]},"meta":{"lastBranch":1,"lastFunction":4,"lastStatement":13,"seen":{"f:16:22:16:Infinity":0,"s:21:19:21:Infinity":0,"f:21:25:21:30":1,"s:21:36:21:67":1,"s:22:8:22:Infinity":2,"b:24:2:27:Infinity:undefined:undefined:undefined:undefined":0,"s:24:2:27:Infinity":3,"s:25:4:25:Infinity":4,"s:26:4:26:Infinity":5,"s:29:2:29:Infinity":6,"s:32:20:38:Infinity":7,"f:33:14:33:21":2,"s:34:21:34:Infinity":8,"s:35:22:35:Infinity":9,"s:36:6:36:Infinity":10,"s:40:2:40:Infinity":11,"f:43:9:43:28":3,"s:44:2:52:Infinity":12},"fnNames":{}}}
,"/Users/go/work/github/loop-e2e/src/state/paths.ts": {"path":"/Users/go/work/github/loop-e2e/src/state/paths.ts","statementMap":{"0":{"start":{"line":3,"column":25},"end":{"line":3,"column":null}},"1":{"start":{"line":5,"column":13},"end":{"line":12,"column":null}},"2":{"start":{"line":5,"column":45},"end":{"line":12,"column":null}}},"fnMap":{"0":{"name":"(anonymous_0)","decl":{"start":{"line":5,"column":13},"end":{"line":5,"column":27}},"loc":{"start":{"line":5,"column":45},"end":{"line":12,"column":null}},"line":5}},"branchMap":{},"s":{"0":8,"1":8,"2":110},"f":{"0":110},"b":{},"meta":{"lastBranch":0,"lastFunction":1,"lastStatement":3,"seen":{"s:3:25:3:Infinity":0,"s:5:13:12:Infinity":1,"f:5:13:5:27":0,"s:5:45:12:Infinity":2},"fnNames":{}}}
,"/Users/go/work/github/loop-e2e/src/state/store.ts": {"path":"/Users/go/work/github/loop-e2e/src/state/store.ts","statementMap":{"0":{"start":{"line":22,"column":8},"end":{"line":22,"column":null}},"1":{"start":{"line":23,"column":2},"end":{"line":23,"column":null}},"2":{"start":{"line":30,"column":8},"end":{"line":30,"column":null}},"3":{"start":{"line":31,"column":8},"end":{"line":31,"column":null}},"4":{"start":{"line":32,"column":2},"end":{"line":36,"column":null}},"5":{"start":{"line":33,"column":4},"end":{"line":33,"column":null}},"6":{"start":{"line":35,"column":4},"end":{"line":35,"column":null}},"7":{"start":{"line":43,"column":8},"end":{"line":43,"column":null}},"8":{"start":{"line":44,"column":2},"end":{"line":44,"column":null}},"9":{"start":{"line":52,"column":8},"end":{"line":52,"column":null}},"10":{"start":{"line":54,"column":2},"end":{"line":58,"column":null}},"11":{"start":{"line":55,"column":4},"end":{"line":55,"column":null}},"12":{"start":{"line":57,"column":4},"end":{"line":57,"column":null}},"13":{"start":{"line":59,"column":20},"end":{"line":59,"column":null}},"14":{"start":{"line":59,"column":40},"end":{"line":59,"column":59}},"15":{"start":{"line":60,"column":2},"end":{"line":60,"column":null}},"16":{"start":{"line":60,"column":30},"end":{"line":60,"column":null}},"17":{"start":{"line":62,"column":21},"end":{"line":67,"column":null}},"18":{"start":{"line":64,"column":26},"end":{"line":64,"column":null}},"19":{"start":{"line":65,"column":6},"end":{"line":65,"column":null}},"20":{"start":{"line":68,"column":2},"end":{"line":68,"column":null}},"21":{"start":{"line":68,"column":28},"end":{"line":68,"column":49}},"22":{"start":{"line":69,"column":17},"end":{"line":69,"column":null}},"23":{"start":{"line":70,"column":2},"end":{"line":70,"column":null}},"24":{"start":{"line":79,"column":8},"end":{"line":79,"column":null}},"25":{"start":{"line":81,"column":2},"end":{"line":85,"column":null}},"26":{"start":{"line":82,"column":4},"end":{"line":82,"column":null}},"27":{"start":{"line":84,"column":4},"end":{"line":84,"column":null}},"28":{"start":{"line":88,"column":23},"end":{"line":88,"column":null}},"29":{"start":{"line":88,"column":43},"end":{"line":88,"column":71}},"30":{"start":{"line":89,"column":2},"end":{"line":94,"column":null}},"31":{"start":{"line":90,"column":18},"end":{"line":92,"column":null}},"32":{"start":{"line":91,"column":24},"end":{"line":91,"column":73}},"33":{"start":{"line":93,"column":4},"end":{"line":93,"column":null}},"34":{"start":{"line":97,"column":8},"end":{"line":97,"column":null}},"35":{"start":{"line":98,"column":2},"end":{"line":103,"column":null}},"36":{"start":{"line":99,"column":17},"end":{"line":99,"column":null}},"37":{"start":{"line":100,"column":4},"end":{"line":100,"column":null}},"38":{"start":{"line":102,"column":4},"end":{"line":102,"column":null}},"39":{"start":{"line":111,"column":8},"end":{"line":111,"column":null}},"40":{"start":{"line":112,"column":8},"end":{"line":112,"column":null}},"41":{"start":{"line":113,"column":2},"end":{"line":113,"column":null}},"42":{"start":{"line":122,"column":8},"end":{"line":122,"column":null}},"43":{"start":{"line":124,"column":2},"end":{"line":128,"column":null}},"44":{"start":{"line":125,"column":4},"end":{"line":125,"column":null}},"45":{"start":{"line":127,"column":4},"end":{"line":127,"column":null}},"46":{"start":{"line":129,"column":20},"end":{"line":129,"column":null}},"47":{"start":{"line":129,"column":40},"end":{"line":129,"column":59}},"48":{"start":{"line":130,"column":2},"end":{"line":130,"column":null}},"49":{"start":{"line":130,"column":30},"end":{"line":130,"column":null}},"50":{"start":{"line":131,"column":16},"end":{"line":133,"column":null}},"51":{"start":{"line":132,"column":19},"end":{"line":132,"column":77}},"52":{"start":{"line":134,"column":2},"end":{"line":134,"column":null}},"53":{"start":{"line":146,"column":8},"end":{"line":146,"column":null}},"54":{"start":{"line":148,"column":19},"end":{"line":148,"column":null}},"55":{"start":{"line":149,"column":8},"end":{"line":149,"column":null}},"56":{"start":{"line":150,"column":30},"end":{"line":155,"column":null}},"57":{"start":{"line":156,"column":2},"end":{"line":156,"column":null}}},"fnMap":{"0":{"name":"saveRunStructure","decl":{"start":{"line":17,"column":22},"end":{"line":17,"column":null}},"loc":{"start":{"line":21,"column":17},"end":{"line":24,"column":null}},"line":21},"1":{"name":"loadBaseline","decl":{"start":{"line":29,"column":22},"end":{"line":29,"column":35}},"loc":{"start":{"line":29,"column":80},"end":{"line":37,"column":null}},"line":29},"2":{"name":"saveBaseline","decl":{"start":{"line":42,"column":22},"end":{"line":42,"column":35}},"loc":{"start":{"line":42,"column":90},"end":{"line":45,"column":null}},"line":42},"3":{"name":"loadLatestReport","decl":{"start":{"line":51,"column":22},"end":{"line":51,"column":39}},"loc":{"start":{"line":51,"column":84},"end":{"line":71,"column":null}},"line":51},"4":{"name":"(anonymous_4)","decl":{"start":{"line":59,"column":26},"end":{"line":59,"column":34}},"loc":{"start":{"line":59,"column":40},"end":{"line":59,"column":59}},"line":59},"5":{"name":"(anonymous_5)","decl":{"start":{"line":63,"column":18},"end":{"line":63,"column":25}},"loc":{"start":{"line":63,"column":31},"end":{"line":66,"column":5}},"line":63},"6":{"name":"(anonymous_6)","decl":{"start":{"line":68,"column":13},"end":{"line":68,"column":19}},"loc":{"start":{"line":68,"column":28},"end":{"line":68,"column":49}},"line":68},"7":{"name":"loadFeedback","decl":{"start":{"line":78,"column":22},"end":{"line":78,"column":35}},"loc":{"start":{"line":78,"column":70},"end":{"line":104,"column":null}},"line":78},"8":{"name":"(anonymous_8)","decl":{"start":{"line":88,"column":29},"end":{"line":88,"column":37}},"loc":{"start":{"line":88,"column":43},"end":{"line":88,"column":71}},"line":88},"9":{"name":"(anonymous_9)","decl":{"start":{"line":91,"column":19},"end":{"line":91,"column":24}},"loc":{"start":{"line":91,"column":24},"end":{"line":91,"column":73}},"line":91},"10":{"name":"saveFeedback","decl":{"start":{"line":110,"column":22},"end":{"line":110,"column":35}},"loc":{"start":{"line":110,"column":84},"end":{"line":114,"column":null}},"line":110},"11":{"name":"loadKnownFindings","decl":{"start":{"line":121,"column":22},"end":{"line":121,"column":40}},"loc":{"start":{"line":121,"column":79},"end":{"line":135,"column":null}},"line":121},"12":{"name":"(anonymous_12)","decl":{"start":{"line":129,"column":26},"end":{"line":129,"column":34}},"loc":{"start":{"line":129,"column":40},"end":{"line":129,"column":59}},"line":129},"13":{"name":"(anonymous_13)","decl":{"start":{"line":132,"column":14},"end":{"line":132,"column":19}},"loc":{"start":{"line":132,"column":19},"end":{"line":132,"column":77}},"line":132},"14":{"name":"saveKnownFinding","decl":{"start":{"line":141,"column":22},"end":{"line":141,"column":null}},"loc":{"start":{"line":145,"column":17},"end":{"line":157,"column":null}},"line":145}},"branchMap":{"0":{"loc":{"start":{"line":60,"column":2},"end":{"line":60,"column":null}},"type":"if","locations":[{"start":{"line":60,"column":2},"end":{"line":60,"column":null}},{"start":{},"end":{}}],"line":60},"1":{"loc":{"start":{"line":89,"column":2},"end":{"line":94,"column":null}},"type":"if","locations":[{"start":{"line":89,"column":2},"end":{"line":94,"column":null}},{"start":{},"end":{}}],"line":89},"2":{"loc":{"start":{"line":100,"column":11},"end":{"line":100,"column":null}},"type":"binary-expr","locations":[{"start":{"line":100,"column":11},"end":{"line":100,"column":19}},{"start":{"line":100,"column":19},"end":{"line":100,"column":null}}],"line":100},"3":{"loc":{"start":{"line":130,"column":2},"end":{"line":130,"column":null}},"type":"if","locations":[{"start":{"line":130,"column":2},"end":{"line":130,"column":null}},{"start":{},"end":{}}],"line":130}},"s":{"0":5,"1":5,"2":3,"3":3,"4":3,"5":3,"6":1,"7":4,"8":4,"9":3,"10":3,"11":3,"12":0,"13":3,"14":5,"15":3,"16":0,"17":3,"18":5,"19":5,"20":3,"21":2,"22":3,"23":3,"24":11,"25":11,"26":11,"27":1,"28":10,"29":12,"30":10,"31":9,"32":11,"33":9,"34":1,"35":1,"36":1,"37":1,"38":0,"39":16,"40":16,"41":16,"42":8,"43":8,"44":8,"45":3,"46":5,"47":6,"48":5,"49":0,"50":5,"51":6,"52":5,"53":13,"54":13,"55":13,"56":13,"57":13},"f":{"0":5,"1":3,"2":4,"3":3,"4":5,"5":5,"6":2,"7":11,"8":12,"9":11,"10":16,"11":8,"12":6,"13":6,"14":13},"b":{"0":[0,3],"1":[9,1],"2":[1,0],"3":[0,5]},"meta":{"lastBranch":4,"lastFunction":15,"lastStatement":58,"seen":{"f:17:22:17:Infinity":0,"s:22:8:22:Infinity":0,"s:23:2:23:Infinity":1,"f:29:22:29:35":1,"s:30:8:30:Infinity":2,"s:31:8:31:Infinity":3,"s:32:2:36:Infinity":4,"s:33:4:33:Infinity":5,"s:35:4:35:Infinity":6,"f:42:22:42:35":2,"s:43:8:43:Infinity":7,"s:44:2:44:Infinity":8,"f:51:22:51:39":3,"s:52:8:52:Infinity":9,"s:54:2:58:Infinity":10,"s:55:4:55:Infinity":11,"s:57:4:57:Infinity":12,"s:59:20:59:Infinity":13,"f:59:26:59:34":4,"s:59:40:59:59":14,"b:60:2:60:Infinity:undefined:undefined:undefined:undefined":0,"s:60:2:60:Infinity":15,"s:60:30:60:Infinity":16,"s:62:21:67:Infinity":17,"f:63:18:63:25":5,"s:64:26:64:Infinity":18,"s:65:6:65:Infinity":19,"s:68:2:68:Infinity":20,"f:68:13:68:19":6,"s:68:28:68:49":21,"s:69:17:69:Infinity":22,"s:70:2:70:Infinity":23,"f:78:22:78:35":7,"s:79:8:79:Infinity":24,"s:81:2:85:Infinity":25,"s:82:4:82:Infinity":26,"s:84:4:84:Infinity":27,"s:88:23:88:Infinity":28,"f:88:29:88:37":8,"s:88:43:88:71":29,"b:89:2:94:Infinity:undefined:undefined:undefined:undefined":1,"s:89:2:94:Infinity":30,"s:90:18:92:Infinity":31,"f:91:19:91:24":9,"s:91:24:91:73":32,"s:93:4:93:Infinity":33,"s:97:8:97:Infinity":34,"s:98:2:103:Infinity":35,"s:99:17:99:Infinity":36,"s:100:4:100:Infinity":37,"b:100:11:100:19:100:19:100:Infinity":2,"s:102:4:102:Infinity":38,"f:110:22:110:35":10,"s:111:8:111:Infinity":39,"s:112:8:112:Infinity":40,"s:113:2:113:Infinity":41,"f:121:22:121:40":11,"s:122:8:122:Infinity":42,"s:124:2:128:Infinity":43,"s:125:4:125:Infinity":44,"s:127:4:127:Infinity":45,"s:129:20:129:Infinity":46,"f:129:26:129:34":12,"s:129:40:129:59":47,"b:130:2:130:Infinity:undefined:undefined:undefined:undefined":3,"s:130:2:130:Infinity":48,"s:130:30:130:Infinity":49,"s:131:16:133:Infinity":50,"f:132:14:132:19":13,"s:132:19:132:77":51,"s:134:2:134:Infinity":52,"f:141:22:141:Infinity":14,"s:146:8:146:Infinity":53,"s:148:19:148:Infinity":54,"s:149:8:149:Infinity":55,"s:150:30:155:Infinity":56,"s:156:2:156:Infinity":57},"fnNames":{}}}
,"/Users/go/work/github/loop-e2e/src/util/fs.ts": {"path":"/Users/go/work/github/loop-e2e/src/util/fs.ts","statementMap":{"0":{"start":{"line":6,"column":2},"end":{"line":6,"column":null}},"1":{"start":{"line":10,"column":2},"end":{"line":10,"column":null}},"2":{"start":{"line":14,"column":2},"end":{"line":14,"column":null}},"3":{"start":{"line":15,"column":2},"end":{"line":15,"column":null}}},"fnMap":{"0":{"name":"ensureDir","decl":{"start":{"line":5,"column":22},"end":{"line":5,"column":32}},"loc":{"start":{"line":5,"column":61},"end":{"line":7,"column":null}},"line":5},"1":{"name":"readYaml","decl":{"start":{"line":9,"column":22},"end":{"line":9,"column":34}},"loc":{"start":{"line":9,"column":60},"end":{"line":11,"column":null}},"line":9},"2":{"name":"writeYaml","decl":{"start":{"line":13,"column":22},"end":{"line":13,"column":32}},"loc":{"start":{"line":13,"column":76},"end":{"line":16,"column":null}},"line":13}},"branchMap":{},"s":{"0":215,"1":62,"2":100,"3":100},"f":{"0":215,"1":62,"2":100},"b":{},"meta":{"lastBranch":0,"lastFunction":3,"lastStatement":4,"seen":{"f:5:22:5:32":0,"s:6:2:6:Infinity":0,"f:9:22:9:34":1,"s:10:2:10:Infinity":1,"f:13:22:13:32":2,"s:14:2:14:Infinity":2,"s:15:2:15:Infinity":3},"fnNames":{}}}
,"/Users/go/work/github/loop-e2e/src/util/hash.ts": {"path":"/Users/go/work/github/loop-e2e/src/util/hash.ts","statementMap":{"0":{"start":{"line":5,"column":2},"end":{"line":5,"column":null}}},"fnMap":{"0":{"name":"fingerprint","decl":{"start":{"line":3,"column":16},"end":{"line":3,"column":28}},"loc":{"start":{"line":3,"column":53},"end":{"line":6,"column":null}},"line":3}},"branchMap":{},"s":{"0":15},"f":{"0":15},"b":{},"meta":{"lastBranch":0,"lastFunction":1,"lastStatement":1,"seen":{"f:3:16:3:28":0,"s:5:2:5:Infinity":0},"fnNames":{}}}
,"/Users/go/work/github/loop-e2e/src/util/logger.ts": {"path":"/Users/go/work/github/loop-e2e/src/util/logger.ts","statementMap":{"0":{"start":{"line":3,"column":13},"end":{"line":3,"column":null}}},"fnMap":{},"branchMap":{"0":{"loc":{"start":{"line":3,"column":36},"end":{"line":3,"column":68}},"type":"binary-expr","locations":[{"start":{"line":3,"column":36},"end":{"line":3,"column":61}},{"start":{"line":3,"column":61},"end":{"line":3,"column":68}}],"line":3}},"s":{"0":28},"f":{},"b":{"0":[28,0]},"meta":{"lastBranch":1,"lastFunction":0,"lastStatement":1,"seen":{"s:3:13:3:Infinity":0,"b:3:36:3:61:3:61:3:68":0},"fnNames":{}}}
,"/Users/go/work/github/loop-e2e/src/util/mask.ts": {"path":"/Users/go/work/github/loop-e2e/src/util/mask.ts","statementMap":{"0":{"start":{"line":2,"column":2},"end":{"line":5,"column":null}},"1":{"start":{"line":3,"column":21},"end":{"line":3,"column":null}}},"fnMap":{"0":{"name":"maskSecrets","decl":{"start":{"line":1,"column":16},"end":{"line":1,"column":28}},"loc":{"start":{"line":1,"column":69},"end":{"line":6,"column":null}},"line":1},"1":{"name":"(anonymous_1)","decl":{"start":{"line":2,"column":33},"end":{"line":2,"column":null}},"loc":{"start":{"line":3,"column":21},"end":{"line":3,"column":null}},"line":3}},"branchMap":{},"s":{"0":27,"1":24},"f":{"0":27,"1":24},"b":{},"meta":{"lastBranch":0,"lastFunction":2,"lastStatement":2,"seen":{"f:1:16:1:28":0,"s:2:2:5:Infinity":0,"f:2:33:2:Infinity":1,"s:3:21:3:Infinity":1},"fnNames":{}}}
}
